2020-09-11 14:51:11,014 INFO o.a.j.u.JMeterUtils: Setting Locale to en_EN
2020-09-11 14:51:11,039 INFO o.a.j.JMeter: Loading user properties from: /usr/local/Cellar/jmeter/5.3/libexec/bin/user.properties
2020-09-11 14:51:11,040 INFO o.a.j.JMeter: Loading system properties from: /usr/local/Cellar/jmeter/5.3/libexec/bin/system.properties
2020-09-11 14:51:11,040 INFO o.a.j.JMeter: Loading additional properties from: /Users/theodorespecht/kajabi-jmeter/artifacts/jmeter-bzt-4.properties
2020-09-11 14:51:11,041 INFO o.a.j.JMeter: Copyright (c) 1998-2020 The Apache Software Foundation
2020-09-11 14:51:11,041 INFO o.a.j.JMeter: Version 5.3
2020-09-11 14:51:11,041 INFO o.a.j.JMeter: java.version=14.0.2
2020-09-11 14:51:11,042 INFO o.a.j.JMeter: java.vm.name=OpenJDK 64-Bit Server VM
2020-09-11 14:51:11,042 INFO o.a.j.JMeter: os.name=Mac OS X
2020-09-11 14:51:11,042 INFO o.a.j.JMeter: os.arch=x86_64
2020-09-11 14:51:11,042 INFO o.a.j.JMeter: os.version=10.15.6
2020-09-11 14:51:11,042 INFO o.a.j.JMeter: file.encoding=UTF-8
2020-09-11 14:51:11,042 INFO o.a.j.JMeter: java.awt.headless=true
2020-09-11 14:51:11,042 INFO o.a.j.JMeter: Max memory     =1073741824
2020-09-11 14:51:11,042 INFO o.a.j.JMeter: Available Processors =12
2020-09-11 14:51:11,050 INFO o.a.j.JMeter: Default Locale=English (EN)
2020-09-11 14:51:11,063 INFO o.a.j.JMeter: JMeter  Locale=English (EN)
2020-09-11 14:51:11,063 INFO o.a.j.JMeter: JMeterHome=/usr/local/Cellar/jmeter/5.3/libexec
2020-09-11 14:51:11,063 INFO o.a.j.JMeter: user.dir  =/Users/theodorespecht/kajabi-jmeter
2020-09-11 14:51:11,063 INFO o.a.j.JMeter: PWD       =/Users/theodorespecht/kajabi-jmeter
2020-09-11 14:51:11,066 INFO o.a.j.JMeter: IP: 192.168.1.156 Name: admins-MBP FullName: admins-mbp
2020-09-11 14:51:11,066 INFO o.a.j.JMeter: user.classpath=/Users/theodorespecht/kajabi-jmeter/artifacts:/Users/theodorespecht/kajabi-jmeter/test-cases
2020-09-11 14:51:11,066 INFO o.a.j.JMeter: Adding to classpath and loader: /Users/theodorespecht/kajabi-jmeter/artifacts
2020-09-11 14:51:11,067 INFO o.a.j.JMeter: Adding to classpath and loader: /Users/theodorespecht/kajabi-jmeter/test-cases
2020-09-11 14:51:11,073 INFO o.a.j.s.FileServer: Default base='/Users/theodorespecht/kajabi-jmeter'
2020-09-11 14:51:11,075 INFO o.a.j.s.FileServer: Set new base='/Users/theodorespecht/kajabi-jmeter/test-cases'
2020-09-11 14:51:11,223 INFO o.a.j.s.SaveService: Testplan (JMX) version: 2.2. Testlog (JTL) version: 2.2
2020-09-11 14:51:11,250 INFO o.a.j.s.SaveService: Using SaveService properties version 5.0
2020-09-11 14:51:11,253 INFO o.a.j.s.SaveService: Using SaveService properties file encoding UTF-8
2020-09-11 14:51:11,255 INFO o.a.j.s.SaveService: Loading file: /Users/theodorespecht/kajabi-jmeter/test-cases/modified_Kajabi-staging-admin.jmx
2020-09-11 14:51:11,296 INFO o.a.j.p.h.c.CookieManager: Settings: Delete null: true Check: true Allow variable: true Save: false Prefix: COOKIE_
2020-09-11 14:51:11,305 INFO o.a.j.p.h.s.HTTPSamplerBase: Parser for text/html is org.apache.jmeter.protocol.http.parser.LagartoBasedHtmlParser
2020-09-11 14:51:11,305 INFO o.a.j.p.h.s.HTTPSamplerBase: Parser for application/xhtml+xml is org.apache.jmeter.protocol.http.parser.LagartoBasedHtmlParser
2020-09-11 14:51:11,305 INFO o.a.j.p.h.s.HTTPSamplerBase: Parser for application/xml is org.apache.jmeter.protocol.http.parser.LagartoBasedHtmlParser
2020-09-11 14:51:11,305 INFO o.a.j.p.h.s.HTTPSamplerBase: Parser for text/xml is org.apache.jmeter.protocol.http.parser.LagartoBasedHtmlParser
2020-09-11 14:51:11,306 INFO o.a.j.p.h.s.HTTPSamplerBase: Parser for text/vnd.wap.wml is org.apache.jmeter.protocol.http.parser.RegexpHTMLParser
2020-09-11 14:51:11,306 INFO o.a.j.p.h.s.HTTPSamplerBase: Parser for text/css is org.apache.jmeter.protocol.http.parser.CssParser
2020-09-11 14:51:11,346 INFO o.a.j.e.StandardJMeterEngine: Running the test!
2020-09-11 14:51:11,347 INFO o.a.j.s.SampleEvent: List of sample_variables: []
2020-09-11 14:51:11,347 INFO o.a.j.s.SampleEvent: List of sample_variables: []
2020-09-11 14:51:11,354 INFO o.a.j.e.u.CompoundVariable: Note: Function class names must contain the string: '.functions.'
2020-09-11 14:51:11,355 INFO o.a.j.e.u.CompoundVariable: Note: Function class names must not contain the string: '.gui.'
2020-09-11 14:51:11,635 INFO o.a.j.JMeter: Running test (1599861071635)
2020-09-11 14:51:11,655 INFO o.a.j.e.StandardJMeterEngine: Starting ThreadGroup: 1 : staging admin Thread Group
2020-09-11 14:51:11,656 INFO o.a.j.e.StandardJMeterEngine: Starting 100 threads for group staging admin Thread Group.
2020-09-11 14:51:11,656 INFO o.a.j.e.StandardJMeterEngine: Test will stop on error
2020-09-11 14:51:11,656 INFO o.a.j.t.ThreadGroup: Starting thread group... number=1 threads=100 ramp-up=60 delayedStart=false
2020-09-11 14:51:11,665 INFO o.a.j.t.JMeterThread: Thread started: staging admin Thread Group 1-1
2020-09-11 14:51:11,687 INFO o.a.j.p.h.s.HTTPHCAbstractImpl: Local host = admins-MBP
2020-09-11 14:51:11,694 INFO o.a.j.p.h.s.HTTPHC4Impl: HTTP request retry count = 0
2020-09-11 14:51:11,696 INFO o.a.j.s.SampleResult: Note: Sample TimeStamps are START times
2020-09-11 14:51:11,696 INFO o.a.j.s.SampleResult: sampleresult.default.encoding is set to UTF-8
2020-09-11 14:51:11,696 INFO o.a.j.s.SampleResult: sampleresult.useNanoTime=true
2020-09-11 14:51:11,696 INFO o.a.j.s.SampleResult: sampleresult.nanoThreadSleep=5000
2020-09-11 14:51:11,709 INFO o.a.j.t.ThreadGroup: Started thread group number 1
2020-09-11 14:51:11,709 INFO o.a.j.e.StandardJMeterEngine: All thread groups have been started
2020-09-11 14:51:11,843 INFO o.a.j.p.h.s.h.LazyLayeredConnectionSocketFactory: Setting up HTTPS TrustAll Socket Factory
2020-09-11 14:51:11,850 INFO o.a.j.u.JsseSSLManager: Using default SSL protocol: TLS
2020-09-11 14:51:11,850 INFO o.a.j.u.JsseSSLManager: SSL session context: per-thread
2020-09-11 14:51:12,092 INFO o.a.j.u.SSLManager: JmeterKeyStore Location:  type JKS
2020-09-11 14:51:12,096 INFO o.a.j.u.SSLManager: KeyStore created OK
2020-09-11 14:51:12,096 WARN o.a.j.u.SSLManager: Keystore file not found, loading empty keystore
2020-09-11 14:51:12,262 INFO o.a.j.t.JMeterThread: Thread started: staging admin Thread Group 1-2
2020-09-11 14:51:12,863 INFO o.a.j.t.JMeterThread: Thread started: staging admin Thread Group 1-3
2020-09-11 14:51:13,461 INFO o.a.j.t.JMeterThread: Thread started: staging admin Thread Group 1-4
2020-09-11 14:51:14,057 INFO o.a.j.t.JMeterThread: Thread started: staging admin Thread Group 1-5
2020-09-11 14:51:14,662 INFO o.a.j.t.JMeterThread: Thread started: staging admin Thread Group 1-6
2020-09-11 14:51:15,262 INFO o.a.j.t.JMeterThread: Thread started: staging admin Thread Group 1-7
2020-09-11 14:51:15,859 INFO o.a.j.t.JMeterThread: Thread started: staging admin Thread Group 1-8
2020-09-11 14:51:16,462 INFO o.a.j.t.JMeterThread: Thread started: staging admin Thread Group 1-9
2020-09-11 14:51:17,057 INFO o.a.j.t.JMeterThread: Thread started: staging admin Thread Group 1-10
2020-09-11 14:51:17,657 INFO o.a.j.t.JMeterThread: Thread started: staging admin Thread Group 1-11
2020-09-11 14:51:18,259 INFO o.a.j.t.JMeterThread: Thread started: staging admin Thread Group 1-12
2020-09-11 14:51:18,861 INFO o.a.j.t.JMeterThread: Thread started: staging admin Thread Group 1-13
2020-09-11 14:51:19,462 INFO o.a.j.t.JMeterThread: Thread started: staging admin Thread Group 1-14
2020-09-11 14:51:20,062 INFO o.a.j.t.JMeterThread: Thread started: staging admin Thread Group 1-15
2020-09-11 14:51:20,658 INFO o.a.j.t.JMeterThread: Thread started: staging admin Thread Group 1-16
2020-09-11 14:51:21,260 INFO o.a.j.t.JMeterThread: Thread started: staging admin Thread Group 1-17
2020-09-11 14:51:21,859 INFO o.a.j.t.JMeterThread: Thread started: staging admin Thread Group 1-18
2020-09-11 14:51:22,461 INFO o.a.j.t.JMeterThread: Thread started: staging admin Thread Group 1-19
2020-09-11 14:51:23,061 INFO o.a.j.t.JMeterThread: Thread started: staging admin Thread Group 1-20
2020-09-11 14:51:23,662 INFO o.a.j.t.JMeterThread: Thread started: staging admin Thread Group 1-21
2020-09-11 14:51:24,258 INFO o.a.j.t.JMeterThread: Thread started: staging admin Thread Group 1-22
2020-09-11 14:51:24,860 INFO o.a.j.t.JMeterThread: Thread started: staging admin Thread Group 1-23
2020-09-11 14:51:25,460 INFO o.a.j.t.JMeterThread: Thread started: staging admin Thread Group 1-24
2020-09-11 14:51:26,062 INFO o.a.j.t.JMeterThread: Thread started: staging admin Thread Group 1-25
2020-09-11 14:51:26,658 INFO o.a.j.t.JMeterThread: Thread started: staging admin Thread Group 1-26
2020-09-11 14:51:27,261 INFO o.a.j.t.JMeterThread: Thread started: staging admin Thread Group 1-27
2020-09-11 14:51:27,856 INFO o.a.j.t.JMeterThread: Thread started: staging admin Thread Group 1-28
2020-09-11 14:51:28,461 INFO o.a.j.t.JMeterThread: Thread started: staging admin Thread Group 1-29
2020-09-11 14:51:29,061 INFO o.a.j.t.JMeterThread: Thread started: staging admin Thread Group 1-30
2020-09-11 14:51:29,662 INFO o.a.j.t.JMeterThread: Thread started: staging admin Thread Group 1-31
2020-09-11 14:51:30,260 INFO o.a.j.t.JMeterThread: Thread started: staging admin Thread Group 1-32
2020-09-11 14:51:30,862 INFO o.a.j.t.JMeterThread: Thread started: staging admin Thread Group 1-33
2020-09-11 14:51:31,462 INFO o.a.j.t.JMeterThread: Thread started: staging admin Thread Group 1-34
2020-09-11 14:51:32,061 INFO o.a.j.t.JMeterThread: Thread started: staging admin Thread Group 1-35
2020-09-11 14:51:32,662 INFO o.a.j.t.JMeterThread: Thread started: staging admin Thread Group 1-36
2020-09-11 14:51:33,257 INFO o.a.j.t.JMeterThread: Thread started: staging admin Thread Group 1-37
2020-09-11 14:51:33,861 INFO o.a.j.t.JMeterThread: Thread started: staging admin Thread Group 1-38
2020-09-11 14:51:34,457 INFO o.a.j.t.JMeterThread: Thread started: staging admin Thread Group 1-39
2020-09-11 14:51:35,057 INFO o.a.j.t.JMeterThread: Thread started: staging admin Thread Group 1-40
2020-09-11 14:51:35,656 INFO o.a.j.t.JMeterThread: Thread started: staging admin Thread Group 1-41
2020-09-11 14:51:36,257 INFO o.a.j.t.JMeterThread: Thread started: staging admin Thread Group 1-42
2020-09-11 14:51:36,857 INFO o.a.j.t.JMeterThread: Thread started: staging admin Thread Group 1-43
2020-09-11 14:51:37,458 INFO o.a.j.t.JMeterThread: Thread started: staging admin Thread Group 1-44
2020-09-11 14:51:38,058 INFO o.a.j.t.JMeterThread: Thread started: staging admin Thread Group 1-45
2020-09-11 14:51:38,660 INFO o.a.j.t.JMeterThread: Thread started: staging admin Thread Group 1-46
2020-09-11 14:51:39,257 INFO o.a.j.t.JMeterThread: Thread started: staging admin Thread Group 1-47
2020-09-11 14:51:39,857 INFO o.a.j.t.JMeterThread: Thread started: staging admin Thread Group 1-48
2020-09-11 14:51:40,459 INFO o.a.j.t.JMeterThread: Thread started: staging admin Thread Group 1-49
2020-09-11 14:51:41,059 INFO o.a.j.t.JMeterThread: Thread started: staging admin Thread Group 1-50
2020-09-11 14:51:41,662 INFO o.a.j.t.JMeterThread: Thread started: staging admin Thread Group 1-51
2020-09-11 14:51:42,260 INFO o.a.j.t.JMeterThread: Thread started: staging admin Thread Group 1-52
2020-09-11 14:51:42,858 INFO o.a.j.t.JMeterThread: Thread started: staging admin Thread Group 1-53
2020-09-11 14:51:43,457 INFO o.a.j.t.JMeterThread: Thread started: staging admin Thread Group 1-54
2020-09-11 14:51:44,058 INFO o.a.j.t.JMeterThread: Thread started: staging admin Thread Group 1-55
2020-09-11 14:51:44,658 INFO o.a.j.t.JMeterThread: Thread started: staging admin Thread Group 1-56
2020-09-11 14:51:45,260 INFO o.a.j.t.JMeterThread: Thread started: staging admin Thread Group 1-57
2020-09-11 14:51:45,857 INFO o.a.j.t.JMeterThread: Thread started: staging admin Thread Group 1-58
2020-09-11 14:51:46,459 INFO o.a.j.t.JMeterThread: Thread started: staging admin Thread Group 1-59
2020-09-11 14:51:47,057 INFO o.a.j.t.JMeterThread: Thread started: staging admin Thread Group 1-60
2020-09-11 14:51:47,660 INFO o.a.j.t.JMeterThread: Thread started: staging admin Thread Group 1-61
2020-09-11 14:51:48,257 INFO o.a.j.t.JMeterThread: Thread started: staging admin Thread Group 1-62
2020-09-11 14:51:48,861 INFO o.a.j.t.JMeterThread: Thread started: staging admin Thread Group 1-63
2020-09-11 14:51:49,458 INFO o.a.j.t.JMeterThread: Thread started: staging admin Thread Group 1-64
2020-09-11 14:51:50,058 INFO o.a.j.t.JMeterThread: Thread started: staging admin Thread Group 1-65
2020-09-11 14:51:50,662 INFO o.a.j.t.JMeterThread: Thread started: staging admin Thread Group 1-66
2020-09-11 14:51:51,262 INFO o.a.j.t.JMeterThread: Thread started: staging admin Thread Group 1-67
2020-09-11 14:51:51,857 INFO o.a.j.t.JMeterThread: Thread started: staging admin Thread Group 1-68
2020-09-11 14:51:52,458 INFO o.a.j.t.JMeterThread: Thread started: staging admin Thread Group 1-69
2020-09-11 14:51:53,059 INFO o.a.j.t.JMeterThread: Thread started: staging admin Thread Group 1-70
2020-09-11 14:51:53,657 INFO o.a.j.t.JMeterThread: Thread started: staging admin Thread Group 1-71
2020-09-11 14:51:54,257 INFO o.a.j.t.JMeterThread: Thread started: staging admin Thread Group 1-72
2020-09-11 14:51:54,857 INFO o.a.j.t.JMeterThread: Thread started: staging admin Thread Group 1-73
2020-09-11 14:51:55,461 INFO o.a.j.t.JMeterThread: Thread started: staging admin Thread Group 1-74
2020-09-11 14:51:56,057 INFO o.a.j.t.JMeterThread: Thread started: staging admin Thread Group 1-75
2020-09-11 14:51:56,658 INFO o.a.j.t.JMeterThread: Thread started: staging admin Thread Group 1-76
2020-09-11 14:51:57,259 INFO o.a.j.t.JMeterThread: Thread started: staging admin Thread Group 1-77
2020-09-11 14:51:57,857 INFO o.a.j.t.JMeterThread: Thread started: staging admin Thread Group 1-78
2020-09-11 14:51:58,459 INFO o.a.j.t.JMeterThread: Thread started: staging admin Thread Group 1-79
2020-09-11 14:51:59,061 INFO o.a.j.t.JMeterThread: Thread started: staging admin Thread Group 1-80
2020-09-11 14:51:59,660 INFO o.a.j.t.JMeterThread: Thread started: staging admin Thread Group 1-81
2020-09-11 14:52:00,262 INFO o.a.j.t.JMeterThread: Thread started: staging admin Thread Group 1-82
2020-09-11 14:52:00,857 INFO o.a.j.t.JMeterThread: Thread started: staging admin Thread Group 1-83
2020-09-11 14:52:01,457 INFO o.a.j.t.JMeterThread: Thread started: staging admin Thread Group 1-84
2020-09-11 14:52:02,057 INFO o.a.j.t.JMeterThread: Thread started: staging admin Thread Group 1-85
2020-09-11 14:52:02,657 INFO o.a.j.t.JMeterThread: Thread started: staging admin Thread Group 1-86
2020-09-11 14:52:03,257 INFO o.a.j.t.JMeterThread: Thread started: staging admin Thread Group 1-87
2020-09-11 14:52:03,859 INFO o.a.j.t.JMeterThread: Thread started: staging admin Thread Group 1-88
2020-09-11 14:52:04,458 INFO o.a.j.t.JMeterThread: Thread started: staging admin Thread Group 1-89
2020-09-11 14:52:05,061 INFO o.a.j.t.JMeterThread: Thread started: staging admin Thread Group 1-90
2020-09-11 14:52:05,657 INFO o.a.j.t.JMeterThread: Thread started: staging admin Thread Group 1-91
2020-09-11 14:52:06,259 INFO o.a.j.t.JMeterThread: Thread started: staging admin Thread Group 1-92
2020-09-11 14:52:06,859 INFO o.a.j.t.JMeterThread: Thread started: staging admin Thread Group 1-93
2020-09-11 14:52:07,459 INFO o.a.j.t.JMeterThread: Thread started: staging admin Thread Group 1-94
2020-09-11 14:52:08,059 INFO o.a.j.t.JMeterThread: Thread started: staging admin Thread Group 1-95
2020-09-11 14:52:08,657 INFO o.a.j.t.JMeterThread: Thread started: staging admin Thread Group 1-96
2020-09-11 14:52:09,258 INFO o.a.j.t.JMeterThread: Thread started: staging admin Thread Group 1-97
2020-09-11 14:52:09,859 INFO o.a.j.t.JMeterThread: Thread started: staging admin Thread Group 1-98
2020-09-11 14:52:10,459 INFO o.a.j.t.JMeterThread: Thread started: staging admin Thread Group 1-99
2020-09-11 14:52:11,060 INFO o.a.j.t.JMeterThread: Thread started: staging admin Thread Group 1-100
2020-09-11 14:57:11,890 INFO o.a.j.t.JMeterThread: Stopping because end time detected by thread: staging admin Thread Group 1-21
2020-09-11 14:57:11,893 INFO o.a.j.t.JMeterThread: Thread finished: staging admin Thread Group 1-21
2020-09-11 14:57:11,930 INFO o.a.j.t.JMeterThread: Stopping because end time detected by thread: staging admin Thread Group 1-51
2020-09-11 14:57:11,930 INFO o.a.j.t.JMeterThread: Thread finished: staging admin Thread Group 1-51
2020-09-11 14:57:12,100 INFO o.a.j.t.JMeterThread: Stopping because end time detected by thread: staging admin Thread Group 1-37
2020-09-11 14:57:12,101 INFO o.a.j.t.JMeterThread: Thread finished: staging admin Thread Group 1-37
2020-09-11 14:57:12,132 INFO o.a.j.t.JMeterThread: Stopping because end time detected by thread: staging admin Thread Group 1-46
2020-09-11 14:57:12,132 INFO o.a.j.t.JMeterThread: Thread finished: staging admin Thread Group 1-46
2020-09-11 14:57:12,204 INFO o.a.j.t.JMeterThread: Stopping because end time detected by thread: staging admin Thread Group 1-4
2020-09-11 14:57:12,204 INFO o.a.j.t.JMeterThread: Thread finished: staging admin Thread Group 1-4
2020-09-11 14:57:12,308 INFO o.a.j.t.JMeterThread: Stopping because end time detected by thread: staging admin Thread Group 1-56
2020-09-11 14:57:12,308 INFO o.a.j.t.JMeterThread: Thread finished: staging admin Thread Group 1-56
2020-09-11 14:57:12,351 INFO o.a.j.t.JMeterThread: Stopping because end time detected by thread: staging admin Thread Group 1-69
2020-09-11 14:57:12,351 INFO o.a.j.t.JMeterThread: Thread finished: staging admin Thread Group 1-69
2020-09-11 14:57:12,419 INFO o.a.j.t.JMeterThread: Stopping because end time detected by thread: staging admin Thread Group 1-100
2020-09-11 14:57:12,420 INFO o.a.j.t.JMeterThread: Thread finished: staging admin Thread Group 1-100
2020-09-11 14:57:12,550 INFO o.a.j.t.JMeterThread: Stopping because end time detected by thread: staging admin Thread Group 1-42
2020-09-11 14:57:12,550 INFO o.a.j.t.JMeterThread: Thread finished: staging admin Thread Group 1-42
