2020-09-15 12:41:56,466 INFO o.a.j.u.JMeterUtils: Setting Locale to en_EN
2020-09-15 12:41:56,492 INFO o.a.j.JMeter: Loading user properties from: /usr/local/Cellar/jmeter/5.3/libexec/bin/user.properties
2020-09-15 12:41:56,493 INFO o.a.j.JMeter: Loading system properties from: /usr/local/Cellar/jmeter/5.3/libexec/bin/system.properties
2020-09-15 12:41:56,493 INFO o.a.j.JMeter: Loading additional properties from: /Users/theodorespecht/kajabi-jmeter/artifacts/jmeter-bzt-5.properties
2020-09-15 12:41:56,494 INFO o.a.j.JMeter: Copyright (c) 1998-2020 The Apache Software Foundation
2020-09-15 12:41:56,494 INFO o.a.j.JMeter: Version 5.3
2020-09-15 12:41:56,494 INFO o.a.j.JMeter: java.version=14.0.2
2020-09-15 12:41:56,494 INFO o.a.j.JMeter: java.vm.name=OpenJDK 64-Bit Server VM
2020-09-15 12:41:56,494 INFO o.a.j.JMeter: os.name=Mac OS X
2020-09-15 12:41:56,494 INFO o.a.j.JMeter: os.arch=x86_64
2020-09-15 12:41:56,494 INFO o.a.j.JMeter: os.version=10.15.6
2020-09-15 12:41:56,495 INFO o.a.j.JMeter: file.encoding=UTF-8
2020-09-15 12:41:56,495 INFO o.a.j.JMeter: java.awt.headless=true
2020-09-15 12:41:56,495 INFO o.a.j.JMeter: Max memory     =1073741824
2020-09-15 12:41:56,495 INFO o.a.j.JMeter: Available Processors =12
2020-09-15 12:41:56,503 INFO o.a.j.JMeter: Default Locale=English (EN)
2020-09-15 12:41:56,503 INFO o.a.j.JMeter: JMeter  Locale=English (EN)
2020-09-15 12:41:56,503 INFO o.a.j.JMeter: JMeterHome=/usr/local/Cellar/jmeter/5.3/libexec
2020-09-15 12:41:56,503 INFO o.a.j.JMeter: user.dir  =/Users/theodorespecht/kajabi-jmeter
2020-09-15 12:41:56,504 INFO o.a.j.JMeter: PWD       =/Users/theodorespecht/kajabi-jmeter
2020-09-15 12:41:56,507 INFO o.a.j.JMeter: IP: 192.168.1.156 Name: admins-MBP FullName: admins-mbp
2020-09-15 12:41:56,507 INFO o.a.j.JMeter: user.classpath=/Users/theodorespecht/kajabi-jmeter/artifacts:/Users/theodorespecht/kajabi-jmeter/test-cases
2020-09-15 12:41:56,507 INFO o.a.j.JMeter: Adding to classpath and loader: /Users/theodorespecht/kajabi-jmeter/artifacts
2020-09-15 12:41:56,508 INFO o.a.j.JMeter: Adding to classpath and loader: /Users/theodorespecht/kajabi-jmeter/test-cases
2020-09-15 12:41:56,514 INFO o.a.j.s.FileServer: Default base='/Users/theodorespecht/kajabi-jmeter'
2020-09-15 12:41:56,516 INFO o.a.j.s.FileServer: Set new base='/Users/theodorespecht/kajabi-jmeter/test-cases'
2020-09-15 12:41:56,640 INFO o.a.j.s.SaveService: Testplan (JMX) version: 2.2. Testlog (JTL) version: 2.2
2020-09-15 12:41:56,659 INFO o.a.j.s.SaveService: Using SaveService properties version 5.0
2020-09-15 12:41:56,663 INFO o.a.j.s.SaveService: Using SaveService properties file encoding UTF-8
2020-09-15 12:41:56,666 INFO o.a.j.s.SaveService: Loading file: /Users/theodorespecht/kajabi-jmeter/test-cases/modified_Kajabi-staging-admin.jmx
2020-09-15 12:41:56,703 INFO o.a.j.p.h.c.CookieManager: Settings: Delete null: true Check: true Allow variable: true Save: false Prefix: COOKIE_
2020-09-15 12:41:56,711 INFO o.a.j.p.h.s.HTTPSamplerBase: Parser for text/html is org.apache.jmeter.protocol.http.parser.LagartoBasedHtmlParser
2020-09-15 12:41:56,711 INFO o.a.j.p.h.s.HTTPSamplerBase: Parser for application/xhtml+xml is org.apache.jmeter.protocol.http.parser.LagartoBasedHtmlParser
2020-09-15 12:41:56,712 INFO o.a.j.p.h.s.HTTPSamplerBase: Parser for application/xml is org.apache.jmeter.protocol.http.parser.LagartoBasedHtmlParser
2020-09-15 12:41:56,712 INFO o.a.j.p.h.s.HTTPSamplerBase: Parser for text/xml is org.apache.jmeter.protocol.http.parser.LagartoBasedHtmlParser
2020-09-15 12:41:56,712 INFO o.a.j.p.h.s.HTTPSamplerBase: Parser for text/vnd.wap.wml is org.apache.jmeter.protocol.http.parser.RegexpHTMLParser
2020-09-15 12:41:56,712 INFO o.a.j.p.h.s.HTTPSamplerBase: Parser for text/css is org.apache.jmeter.protocol.http.parser.CssParser
2020-09-15 12:41:56,754 INFO o.a.j.e.StandardJMeterEngine: Running the test!
2020-09-15 12:41:56,755 INFO o.a.j.s.SampleEvent: List of sample_variables: []
2020-09-15 12:41:56,755 INFO o.a.j.s.SampleEvent: List of sample_variables: []
2020-09-15 12:41:56,764 INFO o.a.j.e.u.CompoundVariable: Note: Function class names must contain the string: '.functions.'
2020-09-15 12:41:56,764 INFO o.a.j.e.u.CompoundVariable: Note: Function class names must not contain the string: '.gui.'
2020-09-15 12:41:57,042 INFO o.a.j.JMeter: Running test (1600198917042)
2020-09-15 12:41:57,064 INFO o.a.j.e.StandardJMeterEngine: Starting ThreadGroup: 1 : staging admin Thread Group
2020-09-15 12:41:57,064 INFO o.a.j.e.StandardJMeterEngine: Starting 100 threads for group staging admin Thread Group.
2020-09-15 12:41:57,064 INFO o.a.j.e.StandardJMeterEngine: Test will stop on error
2020-09-15 12:41:57,064 INFO o.a.j.t.ThreadGroup: Starting thread group... number=1 threads=100 ramp-up=60 delayedStart=false
2020-09-15 12:41:57,074 INFO o.a.j.t.JMeterThread: Thread started: staging admin Thread Group 1-1
2020-09-15 12:41:57,095 INFO o.a.j.p.h.s.HTTPHCAbstractImpl: Local host = admins-MBP
2020-09-15 12:41:57,101 INFO o.a.j.p.h.s.HTTPHC4Impl: HTTP request retry count = 0
2020-09-15 12:41:57,103 INFO o.a.j.s.SampleResult: Note: Sample TimeStamps are START times
2020-09-15 12:41:57,103 INFO o.a.j.s.SampleResult: sampleresult.default.encoding is set to UTF-8
2020-09-15 12:41:57,103 INFO o.a.j.s.SampleResult: sampleresult.useNanoTime=true
2020-09-15 12:41:57,104 INFO o.a.j.s.SampleResult: sampleresult.nanoThreadSleep=5000
2020-09-15 12:41:57,128 INFO o.a.j.t.ThreadGroup: Started thread group number 1
2020-09-15 12:41:57,128 INFO o.a.j.e.StandardJMeterEngine: All thread groups have been started
2020-09-15 12:41:57,253 INFO o.a.j.p.h.s.h.LazyLayeredConnectionSocketFactory: Setting up HTTPS TrustAll Socket Factory
2020-09-15 12:41:57,259 INFO o.a.j.u.JsseSSLManager: Using default SSL protocol: TLS
2020-09-15 12:41:57,260 INFO o.a.j.u.JsseSSLManager: SSL session context: per-thread
2020-09-15 12:41:57,445 INFO o.a.j.u.SSLManager: JmeterKeyStore Location:  type JKS
2020-09-15 12:41:57,447 INFO o.a.j.u.SSLManager: KeyStore created OK
2020-09-15 12:41:57,447 WARN o.a.j.u.SSLManager: Keystore file not found, loading empty keystore
2020-09-15 12:41:57,675 INFO o.a.j.t.JMeterThread: Thread started: staging admin Thread Group 1-2
2020-09-15 12:41:58,271 INFO o.a.j.t.JMeterThread: Thread started: staging admin Thread Group 1-3
2020-09-15 12:41:58,869 INFO o.a.j.t.JMeterThread: Thread started: staging admin Thread Group 1-4
2020-09-15 12:41:59,468 INFO o.a.j.t.JMeterThread: Thread started: staging admin Thread Group 1-5
2020-09-15 12:42:00,070 INFO o.a.j.t.JMeterThread: Thread started: staging admin Thread Group 1-6
2020-09-15 12:42:00,666 INFO o.a.j.t.JMeterThread: Thread started: staging admin Thread Group 1-7
2020-09-15 12:42:01,269 INFO o.a.j.t.JMeterThread: Thread started: staging admin Thread Group 1-8
2020-09-15 12:42:01,869 INFO o.a.j.t.JMeterThread: Thread started: staging admin Thread Group 1-9
2020-09-15 12:42:02,469 INFO o.a.j.t.JMeterThread: Thread started: staging admin Thread Group 1-10
2020-09-15 12:42:03,069 INFO o.a.j.t.JMeterThread: Thread started: staging admin Thread Group 1-11
2020-09-15 12:42:03,667 INFO o.a.j.t.JMeterThread: Thread started: staging admin Thread Group 1-12
2020-09-15 12:42:04,270 INFO o.a.j.t.JMeterThread: Thread started: staging admin Thread Group 1-13
2020-09-15 12:42:04,873 INFO o.a.j.t.JMeterThread: Thread started: staging admin Thread Group 1-14
2020-09-15 12:42:05,469 INFO o.a.j.t.JMeterThread: Thread started: staging admin Thread Group 1-15
2020-09-15 12:42:06,068 INFO o.a.j.t.JMeterThread: Thread started: staging admin Thread Group 1-16
2020-09-15 12:42:06,670 INFO o.a.j.t.JMeterThread: Thread started: staging admin Thread Group 1-17
2020-09-15 12:42:07,270 INFO o.a.j.t.JMeterThread: Thread started: staging admin Thread Group 1-18
2020-09-15 12:42:07,868 INFO o.a.j.t.JMeterThread: Thread started: staging admin Thread Group 1-19
2020-09-15 12:42:08,468 INFO o.a.j.t.JMeterThread: Thread started: staging admin Thread Group 1-20
2020-09-15 12:42:09,071 INFO o.a.j.t.JMeterThread: Thread started: staging admin Thread Group 1-21
2020-09-15 12:42:09,667 INFO o.a.j.t.JMeterThread: Thread started: staging admin Thread Group 1-22
2020-09-15 12:42:10,268 INFO o.a.j.t.JMeterThread: Thread started: staging admin Thread Group 1-23
2020-09-15 12:42:10,870 INFO o.a.j.t.JMeterThread: Thread started: staging admin Thread Group 1-24
2020-09-15 12:42:11,469 INFO o.a.j.t.JMeterThread: Thread started: staging admin Thread Group 1-25
2020-09-15 12:42:12,068 INFO o.a.j.t.JMeterThread: Thread started: staging admin Thread Group 1-26
2020-09-15 12:42:12,670 INFO o.a.j.t.JMeterThread: Thread started: staging admin Thread Group 1-27
2020-09-15 12:42:13,267 INFO o.a.j.t.JMeterThread: Thread started: staging admin Thread Group 1-28
2020-09-15 12:42:13,870 INFO o.a.j.t.JMeterThread: Thread started: staging admin Thread Group 1-29
2020-09-15 12:42:14,468 INFO o.a.j.t.JMeterThread: Thread started: staging admin Thread Group 1-30
2020-09-15 12:42:15,068 INFO o.a.j.t.JMeterThread: Thread started: staging admin Thread Group 1-31
2020-09-15 12:42:15,669 INFO o.a.j.t.JMeterThread: Thread started: staging admin Thread Group 1-32
2020-09-15 12:42:16,268 INFO o.a.j.t.JMeterThread: Thread started: staging admin Thread Group 1-33
2020-09-15 12:42:16,870 INFO o.a.j.t.JMeterThread: Thread started: staging admin Thread Group 1-34
2020-09-15 12:42:17,471 INFO o.a.j.t.JMeterThread: Thread started: staging admin Thread Group 1-35
2020-09-15 12:42:18,069 INFO o.a.j.t.JMeterThread: Thread started: staging admin Thread Group 1-36
2020-09-15 12:42:18,668 INFO o.a.j.t.JMeterThread: Thread started: staging admin Thread Group 1-37
2020-09-15 12:42:19,270 INFO o.a.j.t.JMeterThread: Thread started: staging admin Thread Group 1-38
2020-09-15 12:42:19,868 INFO o.a.j.t.JMeterThread: Thread started: staging admin Thread Group 1-39
2020-09-15 12:42:20,467 INFO o.a.j.t.JMeterThread: Thread started: staging admin Thread Group 1-40
2020-09-15 12:42:21,067 INFO o.a.j.t.JMeterThread: Thread started: staging admin Thread Group 1-41
2020-09-15 12:42:21,667 INFO o.a.j.t.JMeterThread: Thread started: staging admin Thread Group 1-42
2020-09-15 12:42:22,270 INFO o.a.j.t.JMeterThread: Thread started: staging admin Thread Group 1-43
2020-09-15 12:42:22,867 INFO o.a.j.t.JMeterThread: Thread started: staging admin Thread Group 1-44
2020-09-15 12:42:23,467 INFO o.a.j.t.JMeterThread: Thread started: staging admin Thread Group 1-45
2020-09-15 12:42:24,069 INFO o.a.j.t.JMeterThread: Thread started: staging admin Thread Group 1-46
2020-09-15 12:42:24,669 INFO o.a.j.t.JMeterThread: Thread started: staging admin Thread Group 1-47
2020-09-15 12:42:25,268 INFO o.a.j.t.JMeterThread: Thread started: staging admin Thread Group 1-48
2020-09-15 12:42:25,867 INFO o.a.j.t.JMeterThread: Thread started: staging admin Thread Group 1-49
2020-09-15 12:42:26,468 INFO o.a.j.t.JMeterThread: Thread started: staging admin Thread Group 1-50
2020-09-15 12:42:27,070 INFO o.a.j.t.JMeterThread: Thread started: staging admin Thread Group 1-51
2020-09-15 12:42:27,669 INFO o.a.j.t.JMeterThread: Thread started: staging admin Thread Group 1-52
2020-09-15 12:42:28,267 INFO o.a.j.t.JMeterThread: Thread started: staging admin Thread Group 1-53
2020-09-15 12:42:28,869 INFO o.a.j.t.JMeterThread: Thread started: staging admin Thread Group 1-54
2020-09-15 12:42:29,469 INFO o.a.j.t.JMeterThread: Thread started: staging admin Thread Group 1-55
2020-09-15 12:42:30,070 INFO o.a.j.t.JMeterThread: Thread started: staging admin Thread Group 1-56
2020-09-15 12:42:30,669 INFO o.a.j.t.JMeterThread: Thread started: staging admin Thread Group 1-57
2020-09-15 12:42:31,268 INFO o.a.j.t.JMeterThread: Thread started: staging admin Thread Group 1-58
2020-09-15 12:42:31,869 INFO o.a.j.t.JMeterThread: Thread started: staging admin Thread Group 1-59
2020-09-15 12:42:32,466 INFO o.a.j.t.JMeterThread: Thread started: staging admin Thread Group 1-60
2020-09-15 12:42:33,066 INFO o.a.j.t.JMeterThread: Thread started: staging admin Thread Group 1-61
2020-09-15 12:42:33,668 INFO o.a.j.t.JMeterThread: Thread started: staging admin Thread Group 1-62
2020-09-15 12:42:34,266 INFO o.a.j.t.JMeterThread: Thread started: staging admin Thread Group 1-63
2020-09-15 12:42:34,868 INFO o.a.j.t.JMeterThread: Thread started: staging admin Thread Group 1-64
2020-09-15 12:42:35,471 INFO o.a.j.t.JMeterThread: Thread started: staging admin Thread Group 1-65
2020-09-15 12:42:36,069 INFO o.a.j.t.JMeterThread: Thread started: staging admin Thread Group 1-66
2020-09-15 12:42:36,671 INFO o.a.j.t.JMeterThread: Thread started: staging admin Thread Group 1-67
2020-09-15 12:42:37,270 INFO o.a.j.t.JMeterThread: Thread started: staging admin Thread Group 1-68
2020-09-15 12:42:37,870 INFO o.a.j.t.JMeterThread: Thread started: staging admin Thread Group 1-69
2020-09-15 12:42:38,470 INFO o.a.j.t.JMeterThread: Thread started: staging admin Thread Group 1-70
2020-09-15 12:42:39,070 INFO o.a.j.t.JMeterThread: Thread started: staging admin Thread Group 1-71
2020-09-15 12:42:39,665 INFO o.a.j.t.JMeterThread: Thread started: staging admin Thread Group 1-72
2020-09-15 12:42:40,266 INFO o.a.j.t.JMeterThread: Thread started: staging admin Thread Group 1-73
2020-09-15 12:42:40,869 INFO o.a.j.t.JMeterThread: Thread started: staging admin Thread Group 1-74
2020-09-15 12:42:41,469 INFO o.a.j.t.JMeterThread: Thread started: staging admin Thread Group 1-75
2020-09-15 12:42:42,071 INFO o.a.j.t.JMeterThread: Thread started: staging admin Thread Group 1-76
2020-09-15 12:42:42,667 INFO o.a.j.t.JMeterThread: Thread started: staging admin Thread Group 1-77
2020-09-15 12:42:43,267 INFO o.a.j.t.JMeterThread: Thread started: staging admin Thread Group 1-78
2020-09-15 12:42:43,870 INFO o.a.j.t.JMeterThread: Thread started: staging admin Thread Group 1-79
2020-09-15 12:42:44,467 INFO o.a.j.t.JMeterThread: Thread started: staging admin Thread Group 1-80
2020-09-15 12:42:45,069 INFO o.a.j.t.JMeterThread: Thread started: staging admin Thread Group 1-81
2020-09-15 12:42:45,668 INFO o.a.j.t.JMeterThread: Thread started: staging admin Thread Group 1-82
2020-09-15 12:42:46,270 INFO o.a.j.t.JMeterThread: Thread started: staging admin Thread Group 1-83
2020-09-15 12:42:46,871 INFO o.a.j.t.JMeterThread: Thread started: staging admin Thread Group 1-84
2020-09-15 12:42:47,467 INFO o.a.j.t.JMeterThread: Thread started: staging admin Thread Group 1-85
2020-09-15 12:42:48,069 INFO o.a.j.t.JMeterThread: Thread started: staging admin Thread Group 1-86
2020-09-15 12:42:48,668 INFO o.a.j.t.JMeterThread: Thread started: staging admin Thread Group 1-87
2020-09-15 12:42:49,269 INFO o.a.j.t.JMeterThread: Thread started: staging admin Thread Group 1-88
2020-09-15 12:42:49,867 INFO o.a.j.t.JMeterThread: Thread started: staging admin Thread Group 1-89
2020-09-15 12:42:50,469 INFO o.a.j.t.JMeterThread: Thread started: staging admin Thread Group 1-90
2020-09-15 12:42:51,069 INFO o.a.j.t.JMeterThread: Thread started: staging admin Thread Group 1-91
2020-09-15 12:42:51,670 INFO o.a.j.t.JMeterThread: Thread started: staging admin Thread Group 1-92
2020-09-15 12:42:52,269 INFO o.a.j.t.JMeterThread: Thread started: staging admin Thread Group 1-93
2020-09-15 12:42:52,870 INFO o.a.j.t.JMeterThread: Thread started: staging admin Thread Group 1-94
2020-09-15 12:42:53,468 INFO o.a.j.t.JMeterThread: Thread started: staging admin Thread Group 1-95
2020-09-15 12:42:54,068 INFO o.a.j.t.JMeterThread: Thread started: staging admin Thread Group 1-96
2020-09-15 12:42:54,668 INFO o.a.j.t.JMeterThread: Thread started: staging admin Thread Group 1-97
2020-09-15 12:42:55,267 INFO o.a.j.t.JMeterThread: Thread started: staging admin Thread Group 1-98
2020-09-15 12:42:55,867 INFO o.a.j.t.JMeterThread: Thread started: staging admin Thread Group 1-99
2020-09-15 12:42:56,467 INFO o.a.j.t.JMeterThread: Thread started: staging admin Thread Group 1-100
2020-09-15 12:44:21,031 INFO o.a.j.JMeter: Command: Shutdown received from /127.0.0.1
2020-09-15 12:44:21,033 INFO o.a.j.t.JMeterThread: Stopping: staging admin Thread Group 1-4
2020-09-15 12:44:21,033 INFO o.a.j.t.JMeterThread: Stopping: staging admin Thread Group 1-52
2020-09-15 12:44:21,033 INFO o.a.j.t.JMeterThread: Stopping: staging admin Thread Group 1-57
2020-09-15 12:44:21,033 INFO o.a.j.t.JMeterThread: Stopping: staging admin Thread Group 1-60
2020-09-15 12:44:21,033 INFO o.a.j.t.JMeterThread: Stopping: staging admin Thread Group 1-40
2020-09-15 12:44:21,033 INFO o.a.j.t.JMeterThread: Stopping: staging admin Thread Group 1-77
2020-09-15 12:44:21,034 INFO o.a.j.t.JMeterThread: Stopping: staging admin Thread Group 1-49
2020-09-15 12:44:21,034 INFO o.a.j.t.JMeterThread: Stopping: staging admin Thread Group 1-24
2020-09-15 12:44:21,034 INFO o.a.j.t.JMeterThread: Stopping: staging admin Thread Group 1-73
2020-09-15 12:44:21,034 INFO o.a.j.t.JMeterThread: Stopping: staging admin Thread Group 1-35
2020-09-15 12:44:21,034 INFO o.a.j.t.JMeterThread: Stopping: staging admin Thread Group 1-11
2020-09-15 12:44:21,034 INFO o.a.j.t.JMeterThread: Stopping: staging admin Thread Group 1-72
2020-09-15 12:44:21,034 INFO o.a.j.t.JMeterThread: Stopping: staging admin Thread Group 1-16
2020-09-15 12:44:21,034 INFO o.a.j.t.JMeterThread: Stopping: staging admin Thread Group 1-65
2020-09-15 12:44:21,034 INFO o.a.j.t.JMeterThread: Stopping: staging admin Thread Group 1-64
2020-09-15 12:44:21,034 INFO o.a.j.t.JMeterThread: Stopping: staging admin Thread Group 1-85
2020-09-15 12:44:21,034 INFO o.a.j.t.JMeterThread: Stopping: staging admin Thread Group 1-30
2020-09-15 12:44:21,034 INFO o.a.j.t.JMeterThread: Stopping: staging admin Thread Group 1-12
2020-09-15 12:44:21,034 INFO o.a.j.t.JMeterThread: Stopping: staging admin Thread Group 1-25
2020-09-15 12:44:21,034 INFO o.a.j.t.JMeterThread: Stopping: staging admin Thread Group 1-2
2020-09-15 12:44:21,034 INFO o.a.j.t.JMeterThread: Stopping: staging admin Thread Group 1-7
2020-09-15 12:44:21,034 INFO o.a.j.t.JMeterThread: Stopping: staging admin Thread Group 1-97
2020-09-15 12:44:21,034 INFO o.a.j.t.JMeterThread: Stopping: staging admin Thread Group 1-21
2020-09-15 12:44:21,034 INFO o.a.j.t.JMeterThread: Stopping: staging admin Thread Group 1-70
2020-09-15 12:44:21,034 INFO o.a.j.t.JMeterThread: Stopping: staging admin Thread Group 1-94
2020-09-15 12:44:21,034 INFO o.a.j.t.JMeterThread: Stopping: staging admin Thread Group 1-20
2020-09-15 12:44:21,034 INFO o.a.j.t.JMeterThread: Stopping: staging admin Thread Group 1-78
2020-09-15 12:44:21,035 INFO o.a.j.t.JMeterThread: Stopping: staging admin Thread Group 1-76
2020-09-15 12:44:21,035 INFO o.a.j.t.JMeterThread: Stopping: staging admin Thread Group 1-33
2020-09-15 12:44:21,035 INFO o.a.j.t.JMeterThread: Stopping: staging admin Thread Group 1-66
2020-09-15 12:44:21,035 INFO o.a.j.t.JMeterThread: Stopping: staging admin Thread Group 1-68
2020-09-15 12:44:21,035 INFO o.a.j.t.JMeterThread: Stopping: staging admin Thread Group 1-28
2020-09-15 12:44:21,035 INFO o.a.j.t.JMeterThread: Stopping: staging admin Thread Group 1-91
2020-09-15 12:44:21,035 INFO o.a.j.t.JMeterThread: Stopping: staging admin Thread Group 1-86
2020-09-15 12:44:21,035 INFO o.a.j.t.JMeterThread: Stopping: staging admin Thread Group 1-10
2020-09-15 12:44:21,035 INFO o.a.j.t.JMeterThread: Stopping: staging admin Thread Group 1-83
2020-09-15 12:44:21,035 INFO o.a.j.t.JMeterThread: Stopping: staging admin Thread Group 1-9
2020-09-15 12:44:21,035 INFO o.a.j.t.JMeterThread: Stopping: staging admin Thread Group 1-37
2020-09-15 12:44:21,035 INFO o.a.j.t.JMeterThread: Stopping: staging admin Thread Group 1-34
2020-09-15 12:44:21,035 INFO o.a.j.t.JMeterThread: Stopping: staging admin Thread Group 1-14
2020-09-15 12:44:21,035 INFO o.a.j.t.JMeterThread: Stopping: staging admin Thread Group 1-71
2020-09-15 12:44:21,035 INFO o.a.j.t.JMeterThread: Stopping: staging admin Thread Group 1-19
2020-09-15 12:44:21,035 INFO o.a.j.t.JMeterThread: Stopping: staging admin Thread Group 1-44
2020-09-15 12:44:21,035 INFO o.a.j.t.JMeterThread: Stopping: staging admin Thread Group 1-88
2020-09-15 12:44:21,035 INFO o.a.j.t.JMeterThread: Stopping: staging admin Thread Group 1-63
2020-09-15 12:44:21,035 INFO o.a.j.t.JMeterThread: Stopping: staging admin Thread Group 1-67
2020-09-15 12:44:21,035 INFO o.a.j.t.JMeterThread: Stopping: staging admin Thread Group 1-69
2020-09-15 12:44:21,035 INFO o.a.j.t.JMeterThread: Stopping: staging admin Thread Group 1-79
2020-09-15 12:44:21,036 INFO o.a.j.t.JMeterThread: Stopping: staging admin Thread Group 1-42
2020-09-15 12:44:21,036 INFO o.a.j.t.JMeterThread: Stopping: staging admin Thread Group 1-48
2020-09-15 12:44:21,036 INFO o.a.j.t.JMeterThread: Stopping: staging admin Thread Group 1-81
2020-09-15 12:44:21,036 INFO o.a.j.t.JMeterThread: Stopping: staging admin Thread Group 1-13
2020-09-15 12:44:21,036 INFO o.a.j.t.JMeterThread: Stopping: staging admin Thread Group 1-89
2020-09-15 12:44:21,036 INFO o.a.j.t.JMeterThread: Stopping: staging admin Thread Group 1-29
2020-09-15 12:44:21,036 INFO o.a.j.t.JMeterThread: Stopping: staging admin Thread Group 1-51
2020-09-15 12:44:21,036 INFO o.a.j.t.JMeterThread: Stopping: staging admin Thread Group 1-55
2020-09-15 12:44:21,036 INFO o.a.j.t.JMeterThread: Stopping: staging admin Thread Group 1-90
2020-09-15 12:44:21,036 INFO o.a.j.t.JMeterThread: Stopping: staging admin Thread Group 1-50
2020-09-15 12:44:21,036 INFO o.a.j.t.JMeterThread: Stopping: staging admin Thread Group 1-84
2020-09-15 12:44:21,036 INFO o.a.j.t.JMeterThread: Stopping: staging admin Thread Group 1-1
2020-09-15 12:44:21,036 INFO o.a.j.t.JMeterThread: Stopping: staging admin Thread Group 1-15
2020-09-15 12:44:21,036 INFO o.a.j.t.JMeterThread: Stopping: staging admin Thread Group 1-32
2020-09-15 12:44:21,036 INFO o.a.j.t.JMeterThread: Stopping: staging admin Thread Group 1-95
2020-09-15 12:44:21,036 INFO o.a.j.t.JMeterThread: Stopping: staging admin Thread Group 1-56
2020-09-15 12:44:21,036 INFO o.a.j.t.JMeterThread: Stopping: staging admin Thread Group 1-18
2020-09-15 12:44:21,036 INFO o.a.j.t.JMeterThread: Stopping: staging admin Thread Group 1-46
2020-09-15 12:44:21,036 INFO o.a.j.t.JMeterThread: Stopping: staging admin Thread Group 1-99
2020-09-15 12:44:21,036 INFO o.a.j.t.JMeterThread: Stopping: staging admin Thread Group 1-23
2020-09-15 12:44:21,037 INFO o.a.j.t.JMeterThread: Stopping: staging admin Thread Group 1-98
2020-09-15 12:44:21,037 INFO o.a.j.t.JMeterThread: Stopping: staging admin Thread Group 1-43
2020-09-15 12:44:21,037 INFO o.a.j.t.JMeterThread: Stopping: staging admin Thread Group 1-59
2020-09-15 12:44:21,037 INFO o.a.j.t.JMeterThread: Stopping: staging admin Thread Group 1-74
2020-09-15 12:44:21,037 INFO o.a.j.t.JMeterThread: Stopping: staging admin Thread Group 1-38
2020-09-15 12:44:21,037 INFO o.a.j.t.JMeterThread: Stopping: staging admin Thread Group 1-27
2020-09-15 12:44:21,037 INFO o.a.j.t.JMeterThread: Stopping: staging admin Thread Group 1-45
2020-09-15 12:44:21,037 INFO o.a.j.t.JMeterThread: Stopping: staging admin Thread Group 1-6
2020-09-15 12:44:21,037 INFO o.a.j.t.JMeterThread: Stopping: staging admin Thread Group 1-87
2020-09-15 12:44:21,037 INFO o.a.j.t.JMeterThread: Stopping: staging admin Thread Group 1-96
2020-09-15 12:44:21,037 INFO o.a.j.t.JMeterThread: Stopping: staging admin Thread Group 1-93
2020-09-15 12:44:21,037 INFO o.a.j.t.JMeterThread: Stopping: staging admin Thread Group 1-3
2020-09-15 12:44:21,037 INFO o.a.j.t.JMeterThread: Stopping: staging admin Thread Group 1-61
2020-09-15 12:44:21,037 INFO o.a.j.t.JMeterThread: Stopping: staging admin Thread Group 1-75
2020-09-15 12:44:21,037 INFO o.a.j.t.JMeterThread: Stopping: staging admin Thread Group 1-92
2020-09-15 12:44:21,037 INFO o.a.j.t.JMeterThread: Stopping: staging admin Thread Group 1-54
2020-09-15 12:44:21,037 INFO o.a.j.t.JMeterThread: Stopping: staging admin Thread Group 1-82
2020-09-15 12:44:21,037 INFO o.a.j.t.JMeterThread: Stopping: staging admin Thread Group 1-17
2020-09-15 12:44:21,037 INFO o.a.j.t.JMeterThread: Stopping: staging admin Thread Group 1-8
2020-09-15 12:44:21,037 INFO o.a.j.t.JMeterThread: Stopping: staging admin Thread Group 1-41
2020-09-15 12:44:21,037 INFO o.a.j.t.JMeterThread: Stopping: staging admin Thread Group 1-80
2020-09-15 12:44:21,038 INFO o.a.j.t.JMeterThread: Stopping: staging admin Thread Group 1-36
2020-09-15 12:44:21,038 INFO o.a.j.t.JMeterThread: Stopping: staging admin Thread Group 1-58
2020-09-15 12:44:21,038 INFO o.a.j.t.JMeterThread: Stopping: staging admin Thread Group 1-62
2020-09-15 12:44:21,038 INFO o.a.j.t.JMeterThread: Stopping: staging admin Thread Group 1-53
2020-09-15 12:44:21,038 INFO o.a.j.t.JMeterThread: Stopping: staging admin Thread Group 1-100
2020-09-15 12:44:21,038 INFO o.a.j.t.JMeterThread: Stopping: staging admin Thread Group 1-31
2020-09-15 12:44:21,038 INFO o.a.j.t.JMeterThread: Stopping: staging admin Thread Group 1-26
2020-09-15 12:44:21,038 INFO o.a.j.t.JMeterThread: Stopping: staging admin Thread Group 1-5
2020-09-15 12:44:21,038 INFO o.a.j.t.JMeterThread: Stopping: staging admin Thread Group 1-39
2020-09-15 12:44:21,038 INFO o.a.j.t.JMeterThread: Stopping: staging admin Thread Group 1-47
2020-09-15 12:44:21,038 INFO o.a.j.t.JMeterThread: Stopping: staging admin Thread Group 1-22
2020-09-15 12:44:21,064 INFO o.a.j.t.JMeterThread: Thread finished: staging admin Thread Group 1-27
2020-09-15 12:44:21,256 INFO o.a.j.t.JMeterThread: Thread finished: staging admin Thread Group 1-87
2020-09-15 12:44:21,315 INFO o.a.j.t.JMeterThread: Thread finished: staging admin Thread Group 1-72
2020-09-15 12:44:21,385 INFO o.a.j.t.JMeterThread: Thread finished: staging admin Thread Group 1-60
2020-09-15 12:44:21,531 INFO o.a.j.t.JMeterThread: Thread finished: staging admin Thread Group 1-12
2020-09-15 12:44:21,620 INFO o.a.j.t.JMeterThread: Thread finished: staging admin Thread Group 1-76
2020-09-15 12:44:21,702 INFO o.a.j.t.JMeterThread: Thread finished: staging admin Thread Group 1-77
2020-09-15 12:44:21,827 INFO o.a.j.t.JMeterThread: Thread finished: staging admin Thread Group 1-31
2020-09-15 12:44:21,895 INFO o.a.j.t.JMeterThread: Thread finished: staging admin Thread Group 1-6
2020-09-15 12:44:21,935 INFO o.a.j.t.JMeterThread: Thread finished: staging admin Thread Group 1-17
2020-09-15 12:44:22,141 INFO o.a.j.t.JMeterThread: Thread finished: staging admin Thread Group 1-93
2020-09-15 12:44:22,169 INFO o.a.j.t.JMeterThread: Thread finished: staging admin Thread Group 1-37
2020-09-15 12:44:22,210 INFO o.a.j.t.JMeterThread: Thread finished: staging admin Thread Group 1-95
2020-09-15 12:44:22,252 INFO o.a.j.t.JMeterThread: Thread finished: staging admin Thread Group 1-68
2020-09-15 12:44:22,270 INFO o.a.j.t.JMeterThread: Thread finished: staging admin Thread Group 1-15
2020-09-15 12:44:22,353 INFO o.a.j.t.JMeterThread: Thread finished: staging admin Thread Group 1-47
2020-09-15 12:44:22,474 INFO o.a.j.t.JMeterThread: Thread finished: staging admin Thread Group 1-40
2020-09-15 12:44:22,513 INFO o.a.j.t.JMeterThread: Thread finished: staging admin Thread Group 1-78
2020-09-15 12:44:22,603 INFO o.a.j.t.JMeterThread: Thread finished: staging admin Thread Group 1-42
2020-09-15 12:44:22,721 INFO o.a.j.t.JMeterThread: Thread finished: staging admin Thread Group 1-63
2020-09-15 12:44:22,945 INFO o.a.j.t.JMeterThread: Thread finished: staging admin Thread Group 1-90
2020-09-15 12:44:22,997 INFO o.a.j.t.JMeterThread: Thread finished: staging admin Thread Group 1-45
2020-09-15 12:44:23,050 INFO o.a.j.t.JMeterThread: Thread finished: staging admin Thread Group 1-81
2020-09-15 12:44:23,078 INFO o.a.j.t.JMeterThread: Thread finished: staging admin Thread Group 1-46
2020-09-15 12:44:23,237 INFO o.a.j.t.JMeterThread: Thread finished: staging admin Thread Group 1-58
2020-09-15 12:44:23,282 INFO o.a.j.t.JMeterThread: Thread finished: staging admin Thread Group 1-14
2020-09-15 12:44:23,531 INFO o.a.j.t.JMeterThread: Thread finished: staging admin Thread Group 1-43
2020-09-15 12:44:23,650 INFO o.a.j.t.JMeterThread: Thread finished: staging admin Thread Group 1-52
2020-09-15 12:44:23,711 INFO o.a.j.t.JMeterThread: Thread finished: staging admin Thread Group 1-16
2020-09-15 12:44:24,025 INFO o.a.j.t.JMeterThread: Thread finished: staging admin Thread Group 1-30
2020-09-15 12:44:24,201 INFO o.a.j.t.JMeterThread: Thread finished: staging admin Thread Group 1-67
2020-09-15 12:44:24,332 INFO o.a.j.t.JMeterThread: Thread finished: staging admin Thread Group 1-100
2020-09-15 12:44:24,355 INFO o.a.j.t.JMeterThread: Thread finished: staging admin Thread Group 1-75
2020-09-15 12:44:24,414 INFO o.a.j.t.JMeterThread: Thread finished: staging admin Thread Group 1-97
2020-09-15 12:44:24,449 INFO o.a.j.t.JMeterThread: Thread finished: staging admin Thread Group 1-86
2020-09-15 12:44:24,468 INFO o.a.j.t.JMeterThread: Thread finished: staging admin Thread Group 1-88
2020-09-15 12:44:25,101 INFO o.a.j.t.JMeterThread: Thread finished: staging admin Thread Group 1-11
2020-09-15 12:44:25,407 INFO o.a.j.t.JMeterThread: Thread finished: staging admin Thread Group 1-3
2020-09-15 12:44:25,514 INFO o.a.j.t.JMeterThread: Thread finished: staging admin Thread Group 1-53
2020-09-15 12:44:26,056 INFO o.a.j.JMeter: Command: StopTestNow received from /127.0.0.1
2020-09-15 12:44:26,057 INFO o.a.j.t.JMeterThread: Stopping: staging admin Thread Group 1-4
2020-09-15 12:44:26,058 WARN o.a.j.t.JMeterThread: Interrupting: staging admin Thread Group 1-4 sampler: Get Product 2
2020-09-15 12:44:26,060 INFO o.a.j.t.JMeterThread: Stopping: staging admin Thread Group 1-57
2020-09-15 12:44:26,060 WARN o.a.j.t.JMeterThread: Interrupting: staging admin Thread Group 1-57 sampler: Get Product 8 post 33 edit
2020-09-15 12:44:26,060 INFO o.a.j.t.JMeterThread: Stopping: staging admin Thread Group 1-49
2020-09-15 12:44:26,061 WARN o.a.j.t.JMeterThread: Interrupting: staging admin Thread Group 1-49 sampler: Get Product 2
2020-09-15 12:44:26,061 INFO o.a.j.t.JMeterThread: Stopping: staging admin Thread Group 1-24
2020-09-15 12:44:26,061 WARN o.a.j.t.JMeterThread: Interrupting: staging admin Thread Group 1-24 sampler: Get Product 8
2020-09-15 12:44:26,064 INFO o.a.j.t.JMeterThread: Stopping: staging admin Thread Group 1-73
2020-09-15 12:44:26,064 WARN o.a.j.t.JMeterThread: Interrupting: staging admin Thread Group 1-73 sampler: Get Product 8
2020-09-15 12:44:26,064 INFO o.a.j.t.JMeterThread: Stopping: staging admin Thread Group 1-35
2020-09-15 12:44:26,064 WARN o.a.j.t.JMeterThread: Interrupting: staging admin Thread Group 1-35 sampler: Get pipeline 29
2020-09-15 12:44:26,065 INFO o.a.j.t.JMeterThread: Stopping: staging admin Thread Group 1-65
2020-09-15 12:44:26,065 WARN o.a.j.t.JMeterThread: Interrupting: staging admin Thread Group 1-65 sampler: Get Product 8 catagory 25 edit
2020-09-15 12:44:26,065 INFO o.a.j.t.JMeterThread: Stopping: staging admin Thread Group 1-64
2020-09-15 12:44:26,065 WARN o.a.j.t.JMeterThread: Interrupting: staging admin Thread Group 1-64 sampler: Get Product 8 catagory 25 edit
2020-09-15 12:44:26,066 INFO o.a.j.t.JMeterThread: Stopping: staging admin Thread Group 1-85
2020-09-15 12:44:26,066 WARN o.a.j.t.JMeterThread: Interrupting: staging admin Thread Group 1-85 sampler: Get Products page
2020-09-15 12:44:26,066 INFO o.a.j.t.JMeterThread: Stopping: staging admin Thread Group 1-25
2020-09-15 12:44:26,066 WARN o.a.j.t.JMeterThread: Interrupting: staging admin Thread Group 1-25 sampler: Get Products page
2020-09-15 12:44:26,067 INFO o.a.j.t.JMeterThread: Stopping: staging admin Thread Group 1-2
2020-09-15 12:44:26,067 WARN o.a.j.t.JMeterThread: Interrupting: staging admin Thread Group 1-2 sampler: Get pipeline 29
2020-09-15 12:44:26,067 INFO o.a.j.t.JMeterThread: Stopping: staging admin Thread Group 1-7
2020-09-15 12:44:26,067 WARN o.a.j.t.JMeterThread: Interrupting: staging admin Thread Group 1-7 sampler: Get Product 8
2020-09-15 12:44:26,068 INFO o.a.j.t.JMeterThread: Stopping: staging admin Thread Group 1-21
2020-09-15 12:44:26,068 WARN o.a.j.t.JMeterThread: Interrupting: staging admin Thread Group 1-21 sampler: Get Product 8 catagory 25 edit
2020-09-15 12:44:26,069 INFO o.a.j.t.JMeterThread: Stopping: staging admin Thread Group 1-70
2020-09-15 12:44:26,069 WARN o.a.j.t.JMeterThread: Interrupting: staging admin Thread Group 1-70 sampler: Get Product 8 catagory 25 edit
2020-09-15 12:44:26,069 INFO o.a.j.t.JMeterThread: Stopping: staging admin Thread Group 1-94
2020-09-15 12:44:26,069 WARN o.a.j.t.JMeterThread: Interrupting: staging admin Thread Group 1-94 sampler: Get Products page
2020-09-15 12:44:26,070 INFO o.a.j.t.JMeterThread: Stopping: staging admin Thread Group 1-20
2020-09-15 12:44:26,070 WARN o.a.j.t.JMeterThread: Interrupting: staging admin Thread Group 1-20 sampler: Get Product 8 catagory 25 edit
2020-09-15 12:44:26,070 INFO o.a.j.t.JMeterThread: Stopping: staging admin Thread Group 1-33
2020-09-15 12:44:26,070 WARN o.a.j.t.JMeterThread: Interrupting: staging admin Thread Group 1-33 sampler: Get pipeline 29
2020-09-15 12:44:26,071 INFO o.a.j.t.JMeterThread: Stopping: staging admin Thread Group 1-66
2020-09-15 12:44:26,071 WARN o.a.j.t.JMeterThread: Interrupting: staging admin Thread Group 1-66 sampler: Get Product 8 catagory 25 edit
2020-09-15 12:44:26,071 INFO o.a.j.t.JMeterThread: Shutdown Test detected by thread: staging admin Thread Group 1-57
2020-09-15 12:44:26,071 INFO o.a.j.t.JMeterThread: Thread finished: staging admin Thread Group 1-57
2020-09-15 12:44:26,071 INFO o.a.j.t.JMeterThread: Stopping: staging admin Thread Group 1-28
2020-09-15 12:44:26,071 WARN o.a.j.t.JMeterThread: Interrupting: staging admin Thread Group 1-28 sampler: Get Products page
2020-09-15 12:44:26,073 INFO o.a.j.t.JMeterThread: Stopping: staging admin Thread Group 1-91
2020-09-15 12:44:26,073 WARN o.a.j.t.JMeterThread: Interrupting: staging admin Thread Group 1-91 sampler: Get Products page
2020-09-15 12:44:26,075 INFO o.a.j.t.JMeterThread: Stopping: staging admin Thread Group 1-10
2020-09-15 12:44:26,077 WARN o.a.j.t.JMeterThread: Interrupting: staging admin Thread Group 1-10 sampler: Get Products page
2020-09-15 12:44:26,077 INFO o.a.j.t.JMeterThread: Stopping: staging admin Thread Group 1-83
2020-09-15 12:44:26,078 WARN o.a.j.t.JMeterThread: Interrupting: staging admin Thread Group 1-83 sampler: Get Products page
2020-09-15 12:44:26,078 INFO o.a.j.t.JMeterThread: Shutdown Test detected by thread: staging admin Thread Group 1-20
2020-09-15 12:44:26,079 INFO o.a.j.t.JMeterThread: Thread finished: staging admin Thread Group 1-20
2020-09-15 12:44:26,082 INFO o.a.j.t.JMeterThread: Stopping: staging admin Thread Group 1-9
2020-09-15 12:44:26,082 WARN o.a.j.t.JMeterThread: Interrupting: staging admin Thread Group 1-9 sampler: Get pipelines 
2020-09-15 12:44:26,083 INFO o.a.j.t.JMeterThread: Shutdown Test detected by thread: staging admin Thread Group 1-94
2020-09-15 12:44:26,083 INFO o.a.j.t.JMeterThread: Thread finished: staging admin Thread Group 1-94
2020-09-15 12:44:26,083 INFO o.a.j.t.JMeterThread: Stopping: staging admin Thread Group 1-34
2020-09-15 12:44:26,083 WARN o.a.j.t.JMeterThread: Interrupting: staging admin Thread Group 1-34 sampler: Get pipeline 29
2020-09-15 12:44:26,084 INFO o.a.j.t.JMeterThread: Stopping: staging admin Thread Group 1-71
2020-09-15 12:44:26,084 WARN o.a.j.t.JMeterThread: Interrupting: staging admin Thread Group 1-71 sampler: Get Product 8
2020-09-15 12:44:26,084 INFO o.a.j.t.JMeterThread: Shutdown Test detected by thread: staging admin Thread Group 1-70
2020-09-15 12:44:26,084 INFO o.a.j.t.JMeterThread: Thread finished: staging admin Thread Group 1-70
2020-09-15 12:44:26,084 INFO o.a.j.t.JMeterThread: Stopping: staging admin Thread Group 1-19
2020-09-15 12:44:26,084 WARN o.a.j.t.JMeterThread: Interrupting: staging admin Thread Group 1-19 sampler: Get Product 8 catagory 25 edit
2020-09-15 12:44:26,085 INFO o.a.j.t.JMeterThread: Stopping: staging admin Thread Group 1-44
2020-09-15 12:44:26,085 WARN o.a.j.t.JMeterThread: Interrupting: staging admin Thread Group 1-44 sampler: Get pipelines 
2020-09-15 12:44:26,085 INFO o.a.j.t.JMeterThread: Stopping: staging admin Thread Group 1-69
2020-09-15 12:44:26,085 WARN o.a.j.t.JMeterThread: Interrupting: staging admin Thread Group 1-69 sampler: Get Product 8 catagory 25 edit
2020-09-15 12:44:26,085 INFO o.a.j.t.JMeterThread: Stopping: staging admin Thread Group 1-79
2020-09-15 12:44:26,085 WARN o.a.j.t.JMeterThread: Interrupting: staging admin Thread Group 1-79 sampler: Get Products page
2020-09-15 12:44:26,087 INFO o.a.j.t.JMeterThread: Stopping: staging admin Thread Group 1-48
2020-09-15 12:44:26,087 WARN o.a.j.t.JMeterThread: Interrupting: staging admin Thread Group 1-48 sampler: Get Product 2
2020-09-15 12:44:26,087 INFO o.a.j.t.JMeterThread: Shutdown Test detected by thread: staging admin Thread Group 1-21
2020-09-15 12:44:26,087 INFO o.a.j.t.JMeterThread: Thread finished: staging admin Thread Group 1-21
2020-09-15 12:44:26,087 INFO o.a.j.t.JMeterThread: Stopping: staging admin Thread Group 1-13
2020-09-15 12:44:26,087 WARN o.a.j.t.JMeterThread: Interrupting: staging admin Thread Group 1-13 sampler: Get pipelines 
2020-09-15 12:44:26,088 INFO o.a.j.t.JMeterThread: Stopping: staging admin Thread Group 1-89
2020-09-15 12:44:26,088 WARN o.a.j.t.JMeterThread: Interrupting: staging admin Thread Group 1-89 sampler: Get Products page
2020-09-15 12:44:26,088 INFO o.a.j.t.JMeterThread: Stopping: staging admin Thread Group 1-29
2020-09-15 12:44:26,088 WARN o.a.j.t.JMeterThread: Interrupting: staging admin Thread Group 1-29 sampler: Get Product 8 post 33 edit
2020-09-15 12:44:26,088 INFO o.a.j.t.JMeterThread: Stopping: staging admin Thread Group 1-51
2020-09-15 12:44:26,088 WARN o.a.j.t.JMeterThread: Interrupting: staging admin Thread Group 1-51 sampler: Get Product 8 post 33 edit
2020-09-15 12:44:26,089 INFO o.a.j.t.JMeterThread: Shutdown Test detected by thread: staging admin Thread Group 1-7
2020-09-15 12:44:26,089 INFO o.a.j.t.JMeterThread: Thread finished: staging admin Thread Group 1-7
2020-09-15 12:44:26,089 INFO o.a.j.t.JMeterThread: Stopping: staging admin Thread Group 1-55
2020-09-15 12:44:26,089 WARN o.a.j.t.JMeterThread: Interrupting: staging admin Thread Group 1-55 sampler: Get Product 8 post 33 edit
2020-09-15 12:44:26,089 INFO o.a.j.t.JMeterThread: Stopping: staging admin Thread Group 1-50
2020-09-15 12:44:26,089 WARN o.a.j.t.JMeterThread: Interrupting: staging admin Thread Group 1-50 sampler: Get Product 2
2020-09-15 12:44:26,090 INFO o.a.j.t.JMeterThread: Stopping: staging admin Thread Group 1-84
2020-09-15 12:44:26,090 WARN o.a.j.t.JMeterThread: Interrupting: staging admin Thread Group 1-84 sampler: Get Products page
2020-09-15 12:44:26,092 INFO o.a.j.t.JMeterThread: Shutdown Test detected by thread: staging admin Thread Group 1-2
2020-09-15 12:44:26,092 INFO o.a.j.t.JMeterThread: Thread finished: staging admin Thread Group 1-2
2020-09-15 12:44:26,093 INFO o.a.j.t.JMeterThread: Stopping: staging admin Thread Group 1-1
2020-09-15 12:44:26,093 WARN o.a.j.t.JMeterThread: Interrupting: staging admin Thread Group 1-1 sampler: Get pipeline 29
2020-09-15 12:44:26,093 INFO o.a.j.t.JMeterThread: Stopping: staging admin Thread Group 1-32
2020-09-15 12:44:26,093 WARN o.a.j.t.JMeterThread: Interrupting: staging admin Thread Group 1-32 sampler: Get Products page
2020-09-15 12:44:26,093 INFO o.a.j.t.JMeterThread: Stopping: staging admin Thread Group 1-56
2020-09-15 12:44:26,093 WARN o.a.j.t.JMeterThread: Interrupting: staging admin Thread Group 1-56 sampler: Get Product 8 post 33 edit
2020-09-15 12:44:26,094 INFO o.a.j.t.JMeterThread: Shutdown Test detected by thread: staging admin Thread Group 1-25
2020-09-15 12:44:26,094 INFO o.a.j.t.JMeterThread: Thread finished: staging admin Thread Group 1-25
2020-09-15 12:44:26,094 INFO o.a.j.t.JMeterThread: Stopping: staging admin Thread Group 1-18
2020-09-15 12:44:26,094 WARN o.a.j.t.JMeterThread: Interrupting: staging admin Thread Group 1-18 sampler: Get Product 2
2020-09-15 12:44:26,095 INFO o.a.j.t.JMeterThread: Stopping: staging admin Thread Group 1-99
2020-09-15 12:44:26,095 WARN o.a.j.t.JMeterThread: Interrupting: staging admin Thread Group 1-99 sampler: Post admin login
2020-09-15 12:44:26,096 INFO o.a.j.t.JMeterThread: Stopping: staging admin Thread Group 1-23
2020-09-15 12:44:26,096 WARN o.a.j.t.JMeterThread: Interrupting: staging admin Thread Group 1-23 sampler: Get Product 8 catagory 25 edit
2020-09-15 12:44:26,096 INFO o.a.j.t.JMeterThread: Stopping: staging admin Thread Group 1-98
2020-09-15 12:44:26,096 WARN o.a.j.t.JMeterThread: Interrupting: staging admin Thread Group 1-98 sampler: Post admin login
2020-09-15 12:44:26,096 INFO o.a.j.t.JMeterThread: Shutdown Test detected by thread: staging admin Thread Group 1-85
2020-09-15 12:44:26,096 INFO o.a.j.t.JMeterThread: Thread finished: staging admin Thread Group 1-85
2020-09-15 12:44:26,096 INFO o.a.j.t.JMeterThread: Stopping: staging admin Thread Group 1-59
2020-09-15 12:44:26,097 WARN o.a.j.t.JMeterThread: Interrupting: staging admin Thread Group 1-59 sampler: Get Product 8 post 33 edit
2020-09-15 12:44:26,097 INFO o.a.j.t.JMeterThread: Stopping: staging admin Thread Group 1-74
2020-09-15 12:44:26,097 WARN o.a.j.t.JMeterThread: Interrupting: staging admin Thread Group 1-74 sampler: Get Product 8 catagory 25 edit
2020-09-15 12:44:26,097 INFO o.a.j.t.JMeterThread: Stopping: staging admin Thread Group 1-38
2020-09-15 12:44:26,097 WARN o.a.j.t.JMeterThread: Interrupting: staging admin Thread Group 1-38 sampler: Get pipeline 29
2020-09-15 12:44:26,098 INFO o.a.j.t.JMeterThread: Stopping: staging admin Thread Group 1-96
2020-09-15 12:44:26,098 WARN o.a.j.t.JMeterThread: Interrupting: staging admin Thread Group 1-96 sampler: Get Product 2
2020-09-15 12:44:26,098 INFO o.a.j.t.JMeterThread: Shutdown Test detected by thread: staging admin Thread Group 1-64
2020-09-15 12:44:26,098 INFO o.a.j.t.JMeterThread: Thread finished: staging admin Thread Group 1-64
2020-09-15 12:44:26,098 INFO o.a.j.t.JMeterThread: Stopping: staging admin Thread Group 1-61
2020-09-15 12:44:26,098 WARN o.a.j.t.JMeterThread: Interrupting: staging admin Thread Group 1-61 sampler: Get Product 8 catagory 25 edit
2020-09-15 12:44:26,098 INFO o.a.j.t.JMeterThread: Stopping: staging admin Thread Group 1-92
2020-09-15 12:44:26,098 WARN o.a.j.t.JMeterThread: Interrupting: staging admin Thread Group 1-92 sampler: Get Products page
2020-09-15 12:44:26,099 INFO o.a.j.t.JMeterThread: Stopping: staging admin Thread Group 1-54
2020-09-15 12:44:26,099 WARN o.a.j.t.JMeterThread: Interrupting: staging admin Thread Group 1-54 sampler: Get Product 8 post 33 edit
2020-09-15 12:44:26,099 INFO o.a.j.t.JMeterThread: Stopping: staging admin Thread Group 1-82
2020-09-15 12:44:26,099 WARN o.a.j.t.JMeterThread: Interrupting: staging admin Thread Group 1-82 sampler: Get Products page
2020-09-15 12:44:26,099 INFO o.a.j.t.JMeterThread: Shutdown Test detected by thread: staging admin Thread Group 1-65
2020-09-15 12:44:26,099 INFO o.a.j.t.JMeterThread: Thread finished: staging admin Thread Group 1-65
2020-09-15 12:44:26,099 INFO o.a.j.t.JMeterThread: Stopping: staging admin Thread Group 1-8
2020-09-15 12:44:26,099 WARN o.a.j.t.JMeterThread: Interrupting: staging admin Thread Group 1-8 sampler: Get Product 8
2020-09-15 12:44:26,100 INFO o.a.j.t.JMeterThread: Stopping: staging admin Thread Group 1-41
2020-09-15 12:44:26,100 WARN o.a.j.t.JMeterThread: Interrupting: staging admin Thread Group 1-41 sampler: Get pipelines 
2020-09-15 12:44:26,100 INFO o.a.j.t.JMeterThread: Stopping: staging admin Thread Group 1-80
2020-09-15 12:44:26,100 WARN o.a.j.t.JMeterThread: Interrupting: staging admin Thread Group 1-80 sampler: Get Product 8
2020-09-15 12:44:26,100 INFO o.a.j.t.JMeterThread: Stopping: staging admin Thread Group 1-36
2020-09-15 12:44:26,100 WARN o.a.j.t.JMeterThread: Interrupting: staging admin Thread Group 1-36 sampler: Get pipeline 29
2020-09-15 12:44:26,101 INFO o.a.j.t.JMeterThread: Shutdown Test detected by thread: staging admin Thread Group 1-35
2020-09-15 12:44:26,101 INFO o.a.j.t.JMeterThread: Stopping: staging admin Thread Group 1-62
2020-09-15 12:44:26,101 WARN o.a.j.t.JMeterThread: Interrupting: staging admin Thread Group 1-62 sampler: Get Product 8 post 33 edit
2020-09-15 12:44:26,101 INFO o.a.j.t.JMeterThread: Thread finished: staging admin Thread Group 1-35
2020-09-15 12:44:26,101 INFO o.a.j.t.JMeterThread: Stopping: staging admin Thread Group 1-26
2020-09-15 12:44:26,101 WARN o.a.j.t.JMeterThread: Interrupting: staging admin Thread Group 1-26 sampler: Get Product 8
2020-09-15 12:44:26,101 INFO o.a.j.t.JMeterThread: Stopping: staging admin Thread Group 1-5
2020-09-15 12:44:26,101 WARN o.a.j.t.JMeterThread: Interrupting: staging admin Thread Group 1-5 sampler: Get Product 2
2020-09-15 12:44:26,102 INFO o.a.j.t.JMeterThread: Stopping: staging admin Thread Group 1-39
2020-09-15 12:44:26,102 WARN o.a.j.t.JMeterThread: Interrupting: staging admin Thread Group 1-39 sampler: Get pipeline 29
2020-09-15 12:44:26,102 INFO o.a.j.t.JMeterThread: Shutdown Test detected by thread: staging admin Thread Group 1-73
2020-09-15 12:44:26,102 INFO o.a.j.t.JMeterThread: Thread finished: staging admin Thread Group 1-73
2020-09-15 12:44:26,102 INFO o.a.j.t.JMeterThread: Stopping: staging admin Thread Group 1-22
2020-09-15 12:44:26,102 WARN o.a.j.t.JMeterThread: Interrupting: staging admin Thread Group 1-22 sampler: Get Product 8
2020-09-15 12:44:26,103 INFO o.a.j.t.JMeterThread: Shutdown Test detected by thread: staging admin Thread Group 1-24
2020-09-15 12:44:26,103 INFO o.a.j.t.JMeterThread: Thread finished: staging admin Thread Group 1-24
2020-09-15 12:44:26,104 INFO o.a.j.t.JMeterThread: Shutdown Test detected by thread: staging admin Thread Group 1-49
2020-09-15 12:44:26,104 INFO o.a.j.t.JMeterThread: Thread finished: staging admin Thread Group 1-49
2020-09-15 12:44:26,104 INFO o.a.j.t.JMeterThread: Shutdown Test detected by thread: staging admin Thread Group 1-4
2020-09-15 12:44:26,105 INFO o.a.j.t.JMeterThread: Thread finished: staging admin Thread Group 1-4
2020-09-15 12:44:26,105 INFO o.a.j.t.JMeterThread: Shutdown Test detected by thread: staging admin Thread Group 1-22
2020-09-15 12:44:26,105 INFO o.a.j.t.JMeterThread: Thread finished: staging admin Thread Group 1-22
2020-09-15 12:44:26,106 INFO o.a.j.t.JMeterThread: Shutdown Test detected by thread: staging admin Thread Group 1-39
2020-09-15 12:44:26,106 INFO o.a.j.t.JMeterThread: Thread finished: staging admin Thread Group 1-39
2020-09-15 12:44:26,107 INFO o.a.j.t.JMeterThread: Shutdown Test detected by thread: staging admin Thread Group 1-5
2020-09-15 12:44:26,107 INFO o.a.j.t.JMeterThread: Thread finished: staging admin Thread Group 1-5
2020-09-15 12:44:26,107 INFO o.a.j.t.JMeterThread: Shutdown Test detected by thread: staging admin Thread Group 1-26
2020-09-15 12:44:26,107 INFO o.a.j.t.JMeterThread: Thread finished: staging admin Thread Group 1-26
2020-09-15 12:44:26,108 INFO o.a.j.t.JMeterThread: Shutdown Test detected by thread: staging admin Thread Group 1-62
2020-09-15 12:44:26,108 INFO o.a.j.t.JMeterThread: Thread finished: staging admin Thread Group 1-62
2020-09-15 12:44:26,108 INFO o.a.j.t.JMeterThread: Shutdown Test detected by thread: staging admin Thread Group 1-36
2020-09-15 12:44:26,108 INFO o.a.j.t.JMeterThread: Thread finished: staging admin Thread Group 1-36
2020-09-15 12:44:26,109 INFO o.a.j.t.JMeterThread: Shutdown Test detected by thread: staging admin Thread Group 1-80
2020-09-15 12:44:26,109 INFO o.a.j.t.JMeterThread: Thread finished: staging admin Thread Group 1-80
2020-09-15 12:44:26,109 INFO o.a.j.t.JMeterThread: Shutdown Test detected by thread: staging admin Thread Group 1-41
2020-09-15 12:44:26,110 INFO o.a.j.t.JMeterThread: Thread finished: staging admin Thread Group 1-41
2020-09-15 12:44:26,110 INFO o.a.j.t.JMeterThread: Shutdown Test detected by thread: staging admin Thread Group 1-8
2020-09-15 12:44:26,111 INFO o.a.j.t.JMeterThread: Thread finished: staging admin Thread Group 1-8
2020-09-15 12:44:26,112 INFO o.a.j.t.JMeterThread: Shutdown Test detected by thread: staging admin Thread Group 1-82
2020-09-15 12:44:26,112 INFO o.a.j.t.JMeterThread: Thread finished: staging admin Thread Group 1-82
2020-09-15 12:44:26,112 INFO o.a.j.t.JMeterThread: Shutdown Test detected by thread: staging admin Thread Group 1-54
2020-09-15 12:44:26,112 INFO o.a.j.t.JMeterThread: Thread finished: staging admin Thread Group 1-54
2020-09-15 12:44:26,112 INFO o.a.j.t.JMeterThread: Shutdown Test detected by thread: staging admin Thread Group 1-92
2020-09-15 12:44:26,112 INFO o.a.j.t.JMeterThread: Thread finished: staging admin Thread Group 1-92
2020-09-15 12:44:26,113 INFO o.a.j.t.JMeterThread: Shutdown Test detected by thread: staging admin Thread Group 1-61
2020-09-15 12:44:26,113 INFO o.a.j.t.JMeterThread: Thread finished: staging admin Thread Group 1-61
2020-09-15 12:44:26,114 INFO o.a.j.t.JMeterThread: Shutdown Test detected by thread: staging admin Thread Group 1-96
2020-09-15 12:44:26,114 INFO o.a.j.t.JMeterThread: Thread finished: staging admin Thread Group 1-96
2020-09-15 12:44:26,114 INFO o.a.j.t.JMeterThread: Shutdown Test detected by thread: staging admin Thread Group 1-38
2020-09-15 12:44:26,114 INFO o.a.j.t.JMeterThread: Thread finished: staging admin Thread Group 1-38
2020-09-15 12:44:26,115 INFO o.a.j.t.JMeterThread: Shutdown Test detected by thread: staging admin Thread Group 1-74
2020-09-15 12:44:26,115 INFO o.a.j.t.JMeterThread: Thread finished: staging admin Thread Group 1-74
2020-09-15 12:44:26,115 INFO o.a.j.t.JMeterThread: Shutdown Test detected by thread: staging admin Thread Group 1-59
2020-09-15 12:44:26,115 INFO o.a.j.t.JMeterThread: Thread finished: staging admin Thread Group 1-59
2020-09-15 12:44:26,115 INFO o.a.j.t.JMeterThread: Shutdown Test detected by thread: staging admin Thread Group 1-98
2020-09-15 12:44:26,115 INFO o.a.j.t.JMeterThread: Thread finished: staging admin Thread Group 1-98
2020-09-15 12:44:26,116 INFO o.a.j.t.JMeterThread: Shutdown Test detected by thread: staging admin Thread Group 1-23
2020-09-15 12:44:26,116 INFO o.a.j.t.JMeterThread: Thread finished: staging admin Thread Group 1-23
2020-09-15 12:44:26,116 INFO o.a.j.t.JMeterThread: Shutdown Test detected by thread: staging admin Thread Group 1-99
2020-09-15 12:44:26,116 INFO o.a.j.t.JMeterThread: Thread finished: staging admin Thread Group 1-99
2020-09-15 12:44:26,117 INFO o.a.j.t.JMeterThread: Shutdown Test detected by thread: staging admin Thread Group 1-18
2020-09-15 12:44:26,117 INFO o.a.j.t.JMeterThread: Thread finished: staging admin Thread Group 1-18
2020-09-15 12:44:26,118 INFO o.a.j.t.JMeterThread: Shutdown Test detected by thread: staging admin Thread Group 1-56
2020-09-15 12:44:26,118 INFO o.a.j.t.JMeterThread: Thread finished: staging admin Thread Group 1-56
2020-09-15 12:44:26,118 INFO o.a.j.t.JMeterThread: Shutdown Test detected by thread: staging admin Thread Group 1-32
2020-09-15 12:44:26,118 INFO o.a.j.t.JMeterThread: Thread finished: staging admin Thread Group 1-32
2020-09-15 12:44:26,119 INFO o.a.j.t.JMeterThread: Shutdown Test detected by thread: staging admin Thread Group 1-1
2020-09-15 12:44:26,119 INFO o.a.j.t.JMeterThread: Thread finished: staging admin Thread Group 1-1
2020-09-15 12:44:26,120 INFO o.a.j.t.JMeterThread: Shutdown Test detected by thread: staging admin Thread Group 1-84
2020-09-15 12:44:26,120 INFO o.a.j.t.JMeterThread: Thread finished: staging admin Thread Group 1-84
2020-09-15 12:44:26,120 INFO o.a.j.t.JMeterThread: Shutdown Test detected by thread: staging admin Thread Group 1-50
2020-09-15 12:44:26,120 INFO o.a.j.t.JMeterThread: Thread finished: staging admin Thread Group 1-50
2020-09-15 12:44:26,121 INFO o.a.j.t.JMeterThread: Shutdown Test detected by thread: staging admin Thread Group 1-55
2020-09-15 12:44:26,121 INFO o.a.j.t.JMeterThread: Thread finished: staging admin Thread Group 1-55
2020-09-15 12:44:26,122 INFO o.a.j.t.JMeterThread: Shutdown Test detected by thread: staging admin Thread Group 1-51
2020-09-15 12:44:26,123 INFO o.a.j.t.JMeterThread: Thread finished: staging admin Thread Group 1-51
2020-09-15 12:44:26,123 INFO o.a.j.t.JMeterThread: Shutdown Test detected by thread: staging admin Thread Group 1-29
2020-09-15 12:44:26,123 INFO o.a.j.t.JMeterThread: Thread finished: staging admin Thread Group 1-29
2020-09-15 12:44:26,124 INFO o.a.j.t.JMeterThread: Shutdown Test detected by thread: staging admin Thread Group 1-89
2020-09-15 12:44:26,124 INFO o.a.j.t.JMeterThread: Thread finished: staging admin Thread Group 1-89
2020-09-15 12:44:26,125 INFO o.a.j.t.JMeterThread: Shutdown Test detected by thread: staging admin Thread Group 1-13
2020-09-15 12:44:26,125 INFO o.a.j.t.JMeterThread: Thread finished: staging admin Thread Group 1-13
2020-09-15 12:44:26,126 INFO o.a.j.t.JMeterThread: Shutdown Test detected by thread: staging admin Thread Group 1-48
2020-09-15 12:44:26,126 INFO o.a.j.t.JMeterThread: Thread finished: staging admin Thread Group 1-48
2020-09-15 12:44:26,126 INFO o.a.j.t.JMeterThread: Shutdown Test detected by thread: staging admin Thread Group 1-79
2020-09-15 12:44:26,126 INFO o.a.j.t.JMeterThread: Thread finished: staging admin Thread Group 1-79
2020-09-15 12:44:26,127 INFO o.a.j.t.JMeterThread: Shutdown Test detected by thread: staging admin Thread Group 1-69
2020-09-15 12:44:26,127 INFO o.a.j.t.JMeterThread: Thread finished: staging admin Thread Group 1-69
2020-09-15 12:44:26,127 INFO o.a.j.t.JMeterThread: Shutdown Test detected by thread: staging admin Thread Group 1-44
2020-09-15 12:44:26,127 INFO o.a.j.t.JMeterThread: Thread finished: staging admin Thread Group 1-44
2020-09-15 12:44:26,128 INFO o.a.j.t.JMeterThread: Shutdown Test detected by thread: staging admin Thread Group 1-19
2020-09-15 12:44:26,128 INFO o.a.j.t.JMeterThread: Thread finished: staging admin Thread Group 1-19
2020-09-15 12:44:26,129 INFO o.a.j.t.JMeterThread: Shutdown Test detected by thread: staging admin Thread Group 1-71
2020-09-15 12:44:26,129 INFO o.a.j.t.JMeterThread: Thread finished: staging admin Thread Group 1-71
2020-09-15 12:44:26,129 INFO o.a.j.t.JMeterThread: Shutdown Test detected by thread: staging admin Thread Group 1-34
2020-09-15 12:44:26,129 INFO o.a.j.t.JMeterThread: Thread finished: staging admin Thread Group 1-34
2020-09-15 12:44:26,130 INFO o.a.j.t.JMeterThread: Shutdown Test detected by thread: staging admin Thread Group 1-9
2020-09-15 12:44:26,130 INFO o.a.j.t.JMeterThread: Thread finished: staging admin Thread Group 1-9
2020-09-15 12:44:26,131 INFO o.a.j.t.JMeterThread: Shutdown Test detected by thread: staging admin Thread Group 1-83
2020-09-15 12:44:26,131 INFO o.a.j.t.JMeterThread: Thread finished: staging admin Thread Group 1-83
2020-09-15 12:44:26,131 INFO o.a.j.t.JMeterThread: Shutdown Test detected by thread: staging admin Thread Group 1-10
2020-09-15 12:44:26,131 INFO o.a.j.t.JMeterThread: Thread finished: staging admin Thread Group 1-10
2020-09-15 12:44:26,132 INFO o.a.j.t.JMeterThread: Shutdown Test detected by thread: staging admin Thread Group 1-91
2020-09-15 12:44:26,132 INFO o.a.j.t.JMeterThread: Thread finished: staging admin Thread Group 1-91
2020-09-15 12:44:26,132 INFO o.a.j.t.JMeterThread: Shutdown Test detected by thread: staging admin Thread Group 1-28
2020-09-15 12:44:26,132 INFO o.a.j.t.JMeterThread: Thread finished: staging admin Thread Group 1-28
2020-09-15 12:44:26,133 INFO o.a.j.t.JMeterThread: Shutdown Test detected by thread: staging admin Thread Group 1-66
2020-09-15 12:44:26,133 INFO o.a.j.t.JMeterThread: Thread finished: staging admin Thread Group 1-66
2020-09-15 12:44:26,133 INFO o.a.j.t.JMeterThread: Shutdown Test detected by thread: staging admin Thread Group 1-33
2020-09-15 12:44:26,134 INFO o.a.j.t.JMeterThread: Thread finished: staging admin Thread Group 1-33
2020-09-15 12:44:26,134 INFO o.a.j.e.StandardJMeterEngine: Notifying test listeners of end of test
2020-09-15 12:44:26,135 INFO o.a.j.e.StandardJMeterEngine: Forced JVM shutdown requested at end of test
