2020-09-15 13:34:02,298 INFO o.a.j.u.JMeterUtils: Setting Locale to en_EN
2020-09-15 13:34:02,351 INFO o.a.j.JMeter: Loading user properties from: /usr/local/Cellar/jmeter/5.3/libexec/bin/user.properties
2020-09-15 13:34:02,351 INFO o.a.j.JMeter: Loading system properties from: /usr/local/Cellar/jmeter/5.3/libexec/bin/system.properties
2020-09-15 13:34:02,351 INFO o.a.j.JMeter: Loading additional properties from: /Users/theodorespecht/kajabi-jmeter/artifacts/jmeter-bzt-6.properties
2020-09-15 13:34:02,353 INFO o.a.j.JMeter: Copyright (c) 1998-2020 The Apache Software Foundation
2020-09-15 13:34:02,353 INFO o.a.j.JMeter: Version 5.3
2020-09-15 13:34:02,353 INFO o.a.j.JMeter: java.version=14.0.2
2020-09-15 13:34:02,353 INFO o.a.j.JMeter: java.vm.name=OpenJDK 64-Bit Server VM
2020-09-15 13:34:02,353 INFO o.a.j.JMeter: os.name=Mac OS X
2020-09-15 13:34:02,353 INFO o.a.j.JMeter: os.arch=x86_64
2020-09-15 13:34:02,353 INFO o.a.j.JMeter: os.version=10.15.6
2020-09-15 13:34:02,353 INFO o.a.j.JMeter: file.encoding=UTF-8
2020-09-15 13:34:02,353 INFO o.a.j.JMeter: java.awt.headless=true
2020-09-15 13:34:02,354 INFO o.a.j.JMeter: Max memory     =1073741824
2020-09-15 13:34:02,354 INFO o.a.j.JMeter: Available Processors =12
2020-09-15 13:34:02,364 INFO o.a.j.JMeter: Default Locale=English (EN)
2020-09-15 13:34:02,364 INFO o.a.j.JMeter: JMeter  Locale=English (EN)
2020-09-15 13:34:02,365 INFO o.a.j.JMeter: JMeterHome=/usr/local/Cellar/jmeter/5.3/libexec
2020-09-15 13:34:02,365 INFO o.a.j.JMeter: user.dir  =/Users/theodorespecht/kajabi-jmeter
2020-09-15 13:34:02,365 INFO o.a.j.JMeter: PWD       =/Users/theodorespecht/kajabi-jmeter
2020-09-15 13:34:02,369 INFO o.a.j.JMeter: IP: 192.168.1.156 Name: admins-MBP FullName: admins-mbp
2020-09-15 13:34:02,369 INFO o.a.j.JMeter: user.classpath=/Users/theodorespecht/kajabi-jmeter/artifacts:/Users/theodorespecht/kajabi-jmeter/test-cases
2020-09-15 13:34:02,370 INFO o.a.j.JMeter: Adding to classpath and loader: /Users/theodorespecht/kajabi-jmeter/artifacts
2020-09-15 13:34:02,371 INFO o.a.j.JMeter: Adding to classpath and loader: /Users/theodorespecht/kajabi-jmeter/test-cases
2020-09-15 13:34:02,377 INFO o.a.j.s.FileServer: Default base='/Users/theodorespecht/kajabi-jmeter'
2020-09-15 13:34:02,378 INFO o.a.j.s.FileServer: Set new base='/Users/theodorespecht/kajabi-jmeter/test-cases'
2020-09-15 13:34:02,523 INFO o.a.j.s.SaveService: Testplan (JMX) version: 2.2. Testlog (JTL) version: 2.2
2020-09-15 13:34:02,544 INFO o.a.j.s.SaveService: Using SaveService properties version 5.0
2020-09-15 13:34:02,549 INFO o.a.j.s.SaveService: Using SaveService properties file encoding UTF-8
2020-09-15 13:34:02,552 INFO o.a.j.s.SaveService: Loading file: /Users/theodorespecht/kajabi-jmeter/test-cases/modified_Kajabi-staging-admin.jmx
2020-09-15 13:34:02,596 INFO o.a.j.p.h.c.CookieManager: Settings: Delete null: true Check: true Allow variable: true Save: false Prefix: COOKIE_
2020-09-15 13:34:02,606 INFO o.a.j.p.h.s.HTTPSamplerBase: Parser for text/html is org.apache.jmeter.protocol.http.parser.LagartoBasedHtmlParser
2020-09-15 13:34:02,606 INFO o.a.j.p.h.s.HTTPSamplerBase: Parser for application/xhtml+xml is org.apache.jmeter.protocol.http.parser.LagartoBasedHtmlParser
2020-09-15 13:34:02,606 INFO o.a.j.p.h.s.HTTPSamplerBase: Parser for application/xml is org.apache.jmeter.protocol.http.parser.LagartoBasedHtmlParser
2020-09-15 13:34:02,607 INFO o.a.j.p.h.s.HTTPSamplerBase: Parser for text/xml is org.apache.jmeter.protocol.http.parser.LagartoBasedHtmlParser
2020-09-15 13:34:02,607 INFO o.a.j.p.h.s.HTTPSamplerBase: Parser for text/vnd.wap.wml is org.apache.jmeter.protocol.http.parser.RegexpHTMLParser
2020-09-15 13:34:02,607 INFO o.a.j.p.h.s.HTTPSamplerBase: Parser for text/css is org.apache.jmeter.protocol.http.parser.CssParser
2020-09-15 13:34:02,655 INFO o.a.j.e.StandardJMeterEngine: Running the test!
2020-09-15 13:34:02,656 INFO o.a.j.s.SampleEvent: List of sample_variables: []
2020-09-15 13:34:02,656 INFO o.a.j.s.SampleEvent: List of sample_variables: []
2020-09-15 13:34:02,663 INFO o.a.j.e.u.CompoundVariable: Note: Function class names must contain the string: '.functions.'
2020-09-15 13:34:02,663 INFO o.a.j.e.u.CompoundVariable: Note: Function class names must not contain the string: '.gui.'
2020-09-15 13:34:02,991 INFO o.a.j.JMeter: Running test (1600202042990)
2020-09-15 13:34:03,013 INFO o.a.j.e.StandardJMeterEngine: Starting ThreadGroup: 1 : staging admin Thread Group
2020-09-15 13:34:03,013 INFO o.a.j.e.StandardJMeterEngine: Starting 100 threads for group staging admin Thread Group.
2020-09-15 13:34:03,013 INFO o.a.j.e.StandardJMeterEngine: Test will stop on error
2020-09-15 13:34:03,013 INFO o.a.j.t.ThreadGroup: Starting thread group... number=1 threads=100 ramp-up=60 delayedStart=false
2020-09-15 13:34:03,025 INFO o.a.j.t.JMeterThread: Thread started: staging admin Thread Group 1-1
2020-09-15 13:34:03,046 INFO o.a.j.p.h.s.HTTPHCAbstractImpl: Local host = admins-MBP
2020-09-15 13:34:03,053 INFO o.a.j.p.h.s.HTTPHC4Impl: HTTP request retry count = 0
2020-09-15 13:34:03,055 INFO o.a.j.s.SampleResult: Note: Sample TimeStamps are START times
2020-09-15 13:34:03,055 INFO o.a.j.s.SampleResult: sampleresult.default.encoding is set to UTF-8
2020-09-15 13:34:03,055 INFO o.a.j.s.SampleResult: sampleresult.useNanoTime=true
2020-09-15 13:34:03,055 INFO o.a.j.s.SampleResult: sampleresult.nanoThreadSleep=5000
2020-09-15 13:34:03,076 INFO o.a.j.t.ThreadGroup: Started thread group number 1
2020-09-15 13:34:03,076 INFO o.a.j.e.StandardJMeterEngine: All thread groups have been started
2020-09-15 13:34:03,300 INFO o.a.j.p.h.s.h.LazyLayeredConnectionSocketFactory: Setting up HTTPS TrustAll Socket Factory
2020-09-15 13:34:03,306 INFO o.a.j.u.JsseSSLManager: Using default SSL protocol: TLS
2020-09-15 13:34:03,306 INFO o.a.j.u.JsseSSLManager: SSL session context: per-thread
2020-09-15 13:34:03,553 INFO o.a.j.u.SSLManager: JmeterKeyStore Location:  type JKS
2020-09-15 13:34:03,556 INFO o.a.j.u.SSLManager: KeyStore created OK
2020-09-15 13:34:03,556 WARN o.a.j.u.SSLManager: Keystore file not found, loading empty keystore
2020-09-15 13:34:03,623 INFO o.a.j.t.JMeterThread: Thread started: staging admin Thread Group 1-2
2020-09-15 13:34:04,221 INFO o.a.j.t.JMeterThread: Thread started: staging admin Thread Group 1-3
2020-09-15 13:34:04,822 INFO o.a.j.t.JMeterThread: Thread started: staging admin Thread Group 1-4
2020-09-15 13:34:05,418 INFO o.a.j.t.JMeterThread: Thread started: staging admin Thread Group 1-5
2020-09-15 13:34:06,018 INFO o.a.j.t.JMeterThread: Thread started: staging admin Thread Group 1-6
2020-09-15 13:34:06,618 INFO o.a.j.t.JMeterThread: Thread started: staging admin Thread Group 1-7
2020-09-15 13:34:07,218 INFO o.a.j.t.JMeterThread: Thread started: staging admin Thread Group 1-8
2020-09-15 13:34:07,819 INFO o.a.j.t.JMeterThread: Thread started: staging admin Thread Group 1-9
2020-09-15 13:34:08,418 INFO o.a.j.t.JMeterThread: Thread started: staging admin Thread Group 1-10
2020-09-15 13:34:09,018 INFO o.a.j.t.JMeterThread: Thread started: staging admin Thread Group 1-11
2020-09-15 13:34:09,619 INFO o.a.j.t.JMeterThread: Thread started: staging admin Thread Group 1-12
2020-09-15 13:34:10,218 INFO o.a.j.t.JMeterThread: Thread started: staging admin Thread Group 1-13
2020-09-15 13:34:10,820 INFO o.a.j.t.JMeterThread: Thread started: staging admin Thread Group 1-14
2020-09-15 13:34:11,418 INFO o.a.j.t.JMeterThread: Thread started: staging admin Thread Group 1-15
2020-09-15 13:34:12,018 INFO o.a.j.t.JMeterThread: Thread started: staging admin Thread Group 1-16
2020-09-15 13:34:12,619 INFO o.a.j.t.JMeterThread: Thread started: staging admin Thread Group 1-17
2020-09-15 13:34:13,218 INFO o.a.j.t.JMeterThread: Thread started: staging admin Thread Group 1-18
2020-09-15 13:34:13,818 INFO o.a.j.t.JMeterThread: Thread started: staging admin Thread Group 1-19
2020-09-15 13:34:14,420 INFO o.a.j.t.JMeterThread: Thread started: staging admin Thread Group 1-20
2020-09-15 13:34:15,018 INFO o.a.j.t.JMeterThread: Thread started: staging admin Thread Group 1-21
2020-09-15 13:34:15,618 INFO o.a.j.t.JMeterThread: Thread started: staging admin Thread Group 1-22
2020-09-15 13:34:16,218 INFO o.a.j.t.JMeterThread: Thread started: staging admin Thread Group 1-23
2020-09-15 13:34:16,819 INFO o.a.j.t.JMeterThread: Thread started: staging admin Thread Group 1-24
2020-09-15 13:34:17,419 INFO o.a.j.t.JMeterThread: Thread started: staging admin Thread Group 1-25
2020-09-15 13:34:18,019 INFO o.a.j.t.JMeterThread: Thread started: staging admin Thread Group 1-26
2020-09-15 13:34:18,619 INFO o.a.j.t.JMeterThread: Thread started: staging admin Thread Group 1-27
2020-09-15 13:34:19,219 INFO o.a.j.t.JMeterThread: Thread started: staging admin Thread Group 1-28
2020-09-15 13:34:19,819 INFO o.a.j.t.JMeterThread: Thread started: staging admin Thread Group 1-29
2020-09-15 13:34:20,419 INFO o.a.j.t.JMeterThread: Thread started: staging admin Thread Group 1-30
2020-09-15 13:34:21,019 INFO o.a.j.t.JMeterThread: Thread started: staging admin Thread Group 1-31
2020-09-15 13:34:21,619 INFO o.a.j.t.JMeterThread: Thread started: staging admin Thread Group 1-32
2020-09-15 13:34:22,219 INFO o.a.j.t.JMeterThread: Thread started: staging admin Thread Group 1-33
2020-09-15 13:34:22,817 INFO o.a.j.t.JMeterThread: Thread started: staging admin Thread Group 1-34
2020-09-15 13:34:23,419 INFO o.a.j.t.JMeterThread: Thread started: staging admin Thread Group 1-35
2020-09-15 13:34:24,016 INFO o.a.j.t.JMeterThread: Thread started: staging admin Thread Group 1-36
2020-09-15 13:34:24,617 INFO o.a.j.t.JMeterThread: Thread started: staging admin Thread Group 1-37
2020-09-15 13:34:25,217 INFO o.a.j.t.JMeterThread: Thread started: staging admin Thread Group 1-38
2020-09-15 13:34:25,818 INFO o.a.j.t.JMeterThread: Thread started: staging admin Thread Group 1-39
2020-09-15 13:34:26,418 INFO o.a.j.t.JMeterThread: Thread started: staging admin Thread Group 1-40
2020-09-15 13:34:27,017 INFO o.a.j.t.JMeterThread: Thread started: staging admin Thread Group 1-41
2020-09-15 13:34:27,619 INFO o.a.j.t.JMeterThread: Thread started: staging admin Thread Group 1-42
2020-09-15 13:34:28,217 INFO o.a.j.t.JMeterThread: Thread started: staging admin Thread Group 1-43
2020-09-15 13:34:28,818 INFO o.a.j.t.JMeterThread: Thread started: staging admin Thread Group 1-44
2020-09-15 13:34:29,417 INFO o.a.j.t.JMeterThread: Thread started: staging admin Thread Group 1-45
2020-09-15 13:34:30,018 INFO o.a.j.t.JMeterThread: Thread started: staging admin Thread Group 1-46
2020-09-15 13:34:30,618 INFO o.a.j.t.JMeterThread: Thread started: staging admin Thread Group 1-47
2020-09-15 13:34:31,218 INFO o.a.j.t.JMeterThread: Thread started: staging admin Thread Group 1-48
2020-09-15 13:34:31,818 INFO o.a.j.t.JMeterThread: Thread started: staging admin Thread Group 1-49
2020-09-15 13:34:32,416 INFO o.a.j.t.JMeterThread: Thread started: staging admin Thread Group 1-50
2020-09-15 13:34:33,018 INFO o.a.j.t.JMeterThread: Thread started: staging admin Thread Group 1-51
2020-09-15 13:34:33,618 INFO o.a.j.t.JMeterThread: Thread started: staging admin Thread Group 1-52
2020-09-15 13:34:34,219 INFO o.a.j.t.JMeterThread: Thread started: staging admin Thread Group 1-53
2020-09-15 13:34:34,818 INFO o.a.j.t.JMeterThread: Thread started: staging admin Thread Group 1-54
2020-09-15 13:34:35,419 INFO o.a.j.t.JMeterThread: Thread started: staging admin Thread Group 1-55
2020-09-15 13:34:36,019 INFO o.a.j.t.JMeterThread: Thread started: staging admin Thread Group 1-56
2020-09-15 13:34:36,617 INFO o.a.j.t.JMeterThread: Thread started: staging admin Thread Group 1-57
2020-09-15 13:34:37,218 INFO o.a.j.t.JMeterThread: Thread started: staging admin Thread Group 1-58
2020-09-15 13:34:37,818 INFO o.a.j.t.JMeterThread: Thread started: staging admin Thread Group 1-59
2020-09-15 13:34:38,418 INFO o.a.j.t.JMeterThread: Thread started: staging admin Thread Group 1-60
2020-09-15 13:34:39,019 INFO o.a.j.t.JMeterThread: Thread started: staging admin Thread Group 1-61
2020-09-15 13:34:39,618 INFO o.a.j.t.JMeterThread: Thread started: staging admin Thread Group 1-62
2020-09-15 13:34:40,214 INFO o.a.j.t.JMeterThread: Thread started: staging admin Thread Group 1-63
2020-09-15 13:34:40,816 INFO o.a.j.t.JMeterThread: Thread started: staging admin Thread Group 1-64
2020-09-15 13:34:41,418 INFO o.a.j.t.JMeterThread: Thread started: staging admin Thread Group 1-65
2020-09-15 13:34:42,018 INFO o.a.j.t.JMeterThread: Thread started: staging admin Thread Group 1-66
2020-09-15 13:34:42,618 INFO o.a.j.t.JMeterThread: Thread started: staging admin Thread Group 1-67
2020-09-15 13:34:43,218 INFO o.a.j.t.JMeterThread: Thread started: staging admin Thread Group 1-68
2020-09-15 13:34:43,819 INFO o.a.j.t.JMeterThread: Thread started: staging admin Thread Group 1-69
2020-09-15 13:34:44,419 INFO o.a.j.t.JMeterThread: Thread started: staging admin Thread Group 1-70
2020-09-15 13:34:45,018 INFO o.a.j.t.JMeterThread: Thread started: staging admin Thread Group 1-71
2020-09-15 13:34:45,617 INFO o.a.j.t.JMeterThread: Thread started: staging admin Thread Group 1-72
2020-09-15 13:34:46,217 INFO o.a.j.t.JMeterThread: Thread started: staging admin Thread Group 1-73
2020-09-15 13:34:46,819 INFO o.a.j.t.JMeterThread: Thread started: staging admin Thread Group 1-74
2020-09-15 13:34:47,418 INFO o.a.j.t.JMeterThread: Thread started: staging admin Thread Group 1-75
2020-09-15 13:34:48,017 INFO o.a.j.t.JMeterThread: Thread started: staging admin Thread Group 1-76
2020-09-15 13:34:48,617 INFO o.a.j.t.JMeterThread: Thread started: staging admin Thread Group 1-77
2020-09-15 13:34:49,217 INFO o.a.j.t.JMeterThread: Thread started: staging admin Thread Group 1-78
2020-09-15 13:34:49,819 INFO o.a.j.t.JMeterThread: Thread started: staging admin Thread Group 1-79
2020-09-15 13:34:50,416 INFO o.a.j.t.JMeterThread: Thread started: staging admin Thread Group 1-80
2020-09-15 13:34:51,017 INFO o.a.j.t.JMeterThread: Thread started: staging admin Thread Group 1-81
2020-09-15 13:34:51,617 INFO o.a.j.t.JMeterThread: Thread started: staging admin Thread Group 1-82
2020-09-15 13:34:52,220 INFO o.a.j.t.JMeterThread: Thread started: staging admin Thread Group 1-83
2020-09-15 13:34:52,819 INFO o.a.j.t.JMeterThread: Thread started: staging admin Thread Group 1-84
2020-09-15 13:34:53,418 INFO o.a.j.t.JMeterThread: Thread started: staging admin Thread Group 1-85
2020-09-15 13:34:53,709 INFO o.a.j.JMeter: Command: Shutdown received from /127.0.0.1
2020-09-15 13:34:53,711 INFO o.a.j.t.JMeterThread: Stopping: staging admin Thread Group 1-34
2020-09-15 13:34:53,711 INFO o.a.j.t.JMeterThread: Stopping: staging admin Thread Group 1-74
2020-09-15 13:34:53,711 INFO o.a.j.t.JMeterThread: Stopping: staging admin Thread Group 1-67
2020-09-15 13:34:53,711 INFO o.a.j.t.JMeterThread: Stopping: staging admin Thread Group 1-47
2020-09-15 13:34:53,711 INFO o.a.j.t.JMeterThread: Stopping: staging admin Thread Group 1-2
2020-09-15 13:34:53,711 INFO o.a.j.t.JMeterThread: Stopping: staging admin Thread Group 1-15
2020-09-15 13:34:53,711 INFO o.a.j.t.JMeterThread: Stopping: staging admin Thread Group 1-58
2020-09-15 13:34:53,711 INFO o.a.j.t.JMeterThread: Stopping: staging admin Thread Group 1-83
2020-09-15 13:34:53,711 INFO o.a.j.t.JMeterThread: Stopping: staging admin Thread Group 1-51
2020-09-15 13:34:53,711 INFO o.a.j.t.JMeterThread: Stopping: staging admin Thread Group 1-59
2020-09-15 13:34:53,711 INFO o.a.j.t.JMeterThread: Stopping: staging admin Thread Group 1-76
2020-09-15 13:34:53,711 INFO o.a.j.t.JMeterThread: Stopping: staging admin Thread Group 1-10
2020-09-15 13:34:53,711 INFO o.a.j.t.JMeterThread: Stopping: staging admin Thread Group 1-3
2020-09-15 13:34:53,712 INFO o.a.j.t.JMeterThread: Stopping: staging admin Thread Group 1-6
2020-09-15 13:34:53,712 INFO o.a.j.t.JMeterThread: Stopping: staging admin Thread Group 1-12
2020-09-15 13:34:53,712 INFO o.a.j.t.JMeterThread: Stopping: staging admin Thread Group 1-54
2020-09-15 13:34:53,712 INFO o.a.j.t.JMeterThread: Stopping: staging admin Thread Group 1-21
2020-09-15 13:34:53,712 INFO o.a.j.t.JMeterThread: Stopping: staging admin Thread Group 1-33
2020-09-15 13:34:53,712 INFO o.a.j.t.JMeterThread: Stopping: staging admin Thread Group 1-45
2020-09-15 13:34:53,712 INFO o.a.j.t.JMeterThread: Stopping: staging admin Thread Group 1-66
2020-09-15 13:34:53,712 INFO o.a.j.t.JMeterThread: Stopping: staging admin Thread Group 1-18
2020-09-15 13:34:53,712 INFO o.a.j.t.JMeterThread: Stopping: staging admin Thread Group 1-100
2020-09-15 13:34:53,712 INFO o.a.j.t.JMeterThread: Stopping: staging admin Thread Group 1-8
2020-09-15 13:34:53,712 INFO o.a.j.t.JMeterThread: Stopping: staging admin Thread Group 1-86
2020-09-15 13:34:53,712 INFO o.a.j.t.JMeterThread: Stopping: staging admin Thread Group 1-68
2020-09-15 13:34:53,712 INFO o.a.j.t.JMeterThread: Stopping: staging admin Thread Group 1-40
2020-09-15 13:34:53,712 INFO o.a.j.t.JMeterThread: Stopping: staging admin Thread Group 1-89
2020-09-15 13:34:53,712 INFO o.a.j.t.JMeterThread: Stopping: staging admin Thread Group 1-82
2020-09-15 13:34:53,712 INFO o.a.j.t.JMeterThread: Stopping: staging admin Thread Group 1-38
2020-09-15 13:34:53,712 INFO o.a.j.t.JMeterThread: Stopping: staging admin Thread Group 1-69
2020-09-15 13:34:53,712 INFO o.a.j.t.JMeterThread: Stopping: staging admin Thread Group 1-44
2020-09-15 13:34:53,712 INFO o.a.j.t.JMeterThread: Stopping: staging admin Thread Group 1-77
2020-09-15 13:34:53,712 INFO o.a.j.t.JMeterThread: Stopping: staging admin Thread Group 1-11
2020-09-15 13:34:53,712 INFO o.a.j.t.JMeterThread: Stopping: staging admin Thread Group 1-39
2020-09-15 13:34:53,712 INFO o.a.j.t.JMeterThread: Stopping: staging admin Thread Group 1-19
2020-09-15 13:34:53,713 INFO o.a.j.t.JMeterThread: Stopping: staging admin Thread Group 1-56
2020-09-15 13:34:53,713 INFO o.a.j.t.JMeterThread: Stopping: staging admin Thread Group 1-92
2020-09-15 13:34:53,713 INFO o.a.j.t.JMeterThread: Stopping: staging admin Thread Group 1-65
2020-09-15 13:34:53,713 INFO o.a.j.t.JMeterThread: Stopping: staging admin Thread Group 1-29
2020-09-15 13:34:53,713 INFO o.a.j.t.JMeterThread: Stopping: staging admin Thread Group 1-13
2020-09-15 13:34:53,713 INFO o.a.j.t.JMeterThread: Stopping: staging admin Thread Group 1-96
2020-09-15 13:34:53,713 INFO o.a.j.t.JMeterThread: Stopping: staging admin Thread Group 1-98
2020-09-15 13:34:53,713 INFO o.a.j.t.JMeterThread: Stopping: staging admin Thread Group 1-26
2020-09-15 13:34:53,713 INFO o.a.j.t.JMeterThread: Stopping: staging admin Thread Group 1-84
2020-09-15 13:34:53,713 INFO o.a.j.t.JMeterThread: Stopping: staging admin Thread Group 1-62
2020-09-15 13:34:53,713 INFO o.a.j.t.JMeterThread: Stopping: staging admin Thread Group 1-99
2020-09-15 13:34:53,713 INFO o.a.j.t.JMeterThread: Stopping: staging admin Thread Group 1-5
2020-09-15 13:34:53,713 INFO o.a.j.t.JMeterThread: Stopping: staging admin Thread Group 1-57
2020-09-15 13:34:53,713 INFO o.a.j.t.JMeterThread: Stopping: staging admin Thread Group 1-78
2020-09-15 13:34:53,713 INFO o.a.j.t.JMeterThread: Stopping: staging admin Thread Group 1-42
2020-09-15 13:34:53,713 INFO o.a.j.t.JMeterThread: Stopping: staging admin Thread Group 1-25
2020-09-15 13:34:53,713 INFO o.a.j.t.JMeterThread: Stopping: staging admin Thread Group 1-32
2020-09-15 13:34:53,713 INFO o.a.j.t.JMeterThread: Stopping: staging admin Thread Group 1-31
2020-09-15 13:34:53,713 INFO o.a.j.t.JMeterThread: Stopping: staging admin Thread Group 1-50
2020-09-15 13:34:53,713 INFO o.a.j.t.JMeterThread: Stopping: staging admin Thread Group 1-87
2020-09-15 13:34:53,713 INFO o.a.j.t.JMeterThread: Stopping: staging admin Thread Group 1-72
2020-09-15 13:34:53,714 INFO o.a.j.t.JMeterThread: Stopping: staging admin Thread Group 1-55
2020-09-15 13:34:53,714 INFO o.a.j.t.JMeterThread: Stopping: staging admin Thread Group 1-30
2020-09-15 13:34:53,714 INFO o.a.j.t.JMeterThread: Stopping: staging admin Thread Group 1-97
2020-09-15 13:34:53,714 INFO o.a.j.t.JMeterThread: Stopping: staging admin Thread Group 1-36
2020-09-15 13:34:53,714 INFO o.a.j.t.JMeterThread: Stopping: staging admin Thread Group 1-43
2020-09-15 13:34:53,714 INFO o.a.j.t.JMeterThread: Stopping: staging admin Thread Group 1-53
2020-09-15 13:34:53,714 INFO o.a.j.t.JMeterThread: Stopping: staging admin Thread Group 1-41
2020-09-15 13:34:53,714 INFO o.a.j.t.JMeterThread: Stopping: staging admin Thread Group 1-37
2020-09-15 13:34:53,714 INFO o.a.j.t.JMeterThread: Stopping: staging admin Thread Group 1-93
2020-09-15 13:34:53,714 INFO o.a.j.t.JMeterThread: Stopping: staging admin Thread Group 1-63
2020-09-15 13:34:53,714 INFO o.a.j.t.JMeterThread: Stopping: staging admin Thread Group 1-80
2020-09-15 13:34:53,714 INFO o.a.j.t.JMeterThread: Stopping: staging admin Thread Group 1-27
2020-09-15 13:34:53,714 INFO o.a.j.t.JMeterThread: Stopping: staging admin Thread Group 1-52
2020-09-15 13:34:53,714 INFO o.a.j.t.JMeterThread: Stopping: staging admin Thread Group 1-95
2020-09-15 13:34:53,714 INFO o.a.j.t.JMeterThread: Stopping: staging admin Thread Group 1-28
2020-09-15 13:34:53,714 INFO o.a.j.t.JMeterThread: Stopping: staging admin Thread Group 1-7
2020-09-15 13:34:53,714 INFO o.a.j.t.JMeterThread: Stopping: staging admin Thread Group 1-1
2020-09-15 13:34:53,714 INFO o.a.j.t.JMeterThread: Stopping: staging admin Thread Group 1-24
2020-09-15 13:34:53,714 INFO o.a.j.t.JMeterThread: Stopping: staging admin Thread Group 1-75
2020-09-15 13:34:53,714 INFO o.a.j.t.JMeterThread: Stopping: staging admin Thread Group 1-90
2020-09-15 13:34:53,714 INFO o.a.j.t.JMeterThread: Stopping: staging admin Thread Group 1-64
2020-09-15 13:34:53,715 INFO o.a.j.t.JMeterThread: Stopping: staging admin Thread Group 1-46
2020-09-15 13:34:53,715 INFO o.a.j.t.JMeterThread: Stopping: staging admin Thread Group 1-4
2020-09-15 13:34:53,715 INFO o.a.j.t.JMeterThread: Stopping: staging admin Thread Group 1-94
2020-09-15 13:34:53,715 INFO o.a.j.t.JMeterThread: Stopping: staging admin Thread Group 1-20
2020-09-15 13:34:53,715 INFO o.a.j.t.JMeterThread: Stopping: staging admin Thread Group 1-17
2020-09-15 13:34:53,715 INFO o.a.j.t.JMeterThread: Stopping: staging admin Thread Group 1-81
2020-09-15 13:34:53,715 INFO o.a.j.t.JMeterThread: Stopping: staging admin Thread Group 1-9
2020-09-15 13:34:53,715 INFO o.a.j.t.JMeterThread: Stopping: staging admin Thread Group 1-22
2020-09-15 13:34:53,715 INFO o.a.j.t.JMeterThread: Stopping: staging admin Thread Group 1-35
2020-09-15 13:34:53,715 INFO o.a.j.t.JMeterThread: Stopping: staging admin Thread Group 1-48
2020-09-15 13:34:53,715 INFO o.a.j.t.JMeterThread: Stopping: staging admin Thread Group 1-88
2020-09-15 13:34:53,715 INFO o.a.j.t.JMeterThread: Stopping: staging admin Thread Group 1-23
2020-09-15 13:34:53,715 INFO o.a.j.t.JMeterThread: Stopping: staging admin Thread Group 1-60
2020-09-15 13:34:53,715 INFO o.a.j.t.JMeterThread: Stopping: staging admin Thread Group 1-61
2020-09-15 13:34:53,715 INFO o.a.j.t.JMeterThread: Stopping: staging admin Thread Group 1-14
2020-09-15 13:34:53,715 INFO o.a.j.t.JMeterThread: Stopping: staging admin Thread Group 1-16
2020-09-15 13:34:53,715 INFO o.a.j.t.JMeterThread: Stopping: staging admin Thread Group 1-71
2020-09-15 13:34:53,715 INFO o.a.j.t.JMeterThread: Stopping: staging admin Thread Group 1-79
2020-09-15 13:34:53,716 INFO o.a.j.t.JMeterThread: Stopping: staging admin Thread Group 1-91
2020-09-15 13:34:53,716 INFO o.a.j.t.JMeterThread: Stopping: staging admin Thread Group 1-85
2020-09-15 13:34:53,716 INFO o.a.j.t.JMeterThread: Stopping: staging admin Thread Group 1-70
2020-09-15 13:34:53,716 INFO o.a.j.t.JMeterThread: Stopping: staging admin Thread Group 1-73
2020-09-15 13:34:53,716 INFO o.a.j.t.JMeterThread: Stopping: staging admin Thread Group 1-49
2020-09-15 13:34:53,803 INFO o.a.j.t.JMeterThread: Thread finished: staging admin Thread Group 1-47
2020-09-15 13:34:53,878 INFO o.a.j.t.JMeterThread: Thread finished: staging admin Thread Group 1-14
2020-09-15 13:34:53,917 INFO o.a.j.t.JMeterThread: Thread finished: staging admin Thread Group 1-55
2020-09-15 13:34:53,964 INFO o.a.j.t.JMeterThread: Thread finished: staging admin Thread Group 1-33
2020-09-15 13:34:54,019 INFO o.a.j.t.JMeterThread: Thread started: staging admin Thread Group 1-86
2020-09-15 13:34:54,020 INFO o.a.j.t.JMeterThread: Thread finished: staging admin Thread Group 1-86
2020-09-15 13:34:54,179 INFO o.a.j.t.JMeterThread: Thread finished: staging admin Thread Group 1-19
2020-09-15 13:34:54,247 INFO o.a.j.t.JMeterThread: Thread finished: staging admin Thread Group 1-78
2020-09-15 13:34:54,267 INFO o.a.j.t.JMeterThread: Thread started: staging admin Thread Group 1-87
2020-09-15 13:34:54,267 INFO o.a.j.t.JMeterThread: Thread started: staging admin Thread Group 1-88
2020-09-15 13:34:54,267 INFO o.a.j.t.JMeterThread: Thread finished: staging admin Thread Group 1-87
2020-09-15 13:34:54,267 INFO o.a.j.t.JMeterThread: Thread finished: staging admin Thread Group 1-88
2020-09-15 13:34:54,272 INFO o.a.j.t.JMeterThread: Thread started: staging admin Thread Group 1-89
2020-09-15 13:34:54,272 INFO o.a.j.t.JMeterThread: Thread started: staging admin Thread Group 1-95
2020-09-15 13:34:54,272 INFO o.a.j.t.JMeterThread: Thread started: staging admin Thread Group 1-96
2020-09-15 13:34:54,272 INFO o.a.j.t.JMeterThread: Thread started: staging admin Thread Group 1-90
2020-09-15 13:34:54,272 INFO o.a.j.t.JMeterThread: Thread started: staging admin Thread Group 1-99
2020-09-15 13:34:54,272 INFO o.a.j.t.JMeterThread: Thread finished: staging admin Thread Group 1-96
2020-09-15 13:34:54,272 INFO o.a.j.t.JMeterThread: Thread started: staging admin Thread Group 1-91
2020-09-15 13:34:54,272 INFO o.a.j.t.JMeterThread: Thread finished: staging admin Thread Group 1-90
2020-09-15 13:34:54,272 INFO o.a.j.t.JMeterThread: Thread finished: staging admin Thread Group 1-99
2020-09-15 13:34:54,272 INFO o.a.j.t.JMeterThread: Thread started: staging admin Thread Group 1-100
2020-09-15 13:34:54,272 INFO o.a.j.t.JMeterThread: Thread started: staging admin Thread Group 1-92
2020-09-15 13:34:54,272 INFO o.a.j.t.JMeterThread: Thread started: staging admin Thread Group 1-98
2020-09-15 13:34:54,272 INFO o.a.j.t.JMeterThread: Thread started: staging admin Thread Group 1-93
2020-09-15 13:34:54,272 INFO o.a.j.t.JMeterThread: Thread finished: staging admin Thread Group 1-91
2020-09-15 13:34:54,272 INFO o.a.j.t.JMeterThread: Thread finished: staging admin Thread Group 1-98
2020-09-15 13:34:54,272 INFO o.a.j.t.JMeterThread: Thread finished: staging admin Thread Group 1-89
2020-09-15 13:34:54,272 INFO o.a.j.t.JMeterThread: Thread started: staging admin Thread Group 1-94
2020-09-15 13:34:54,272 INFO o.a.j.t.JMeterThread: Thread started: staging admin Thread Group 1-97
2020-09-15 13:34:54,272 INFO o.a.j.t.JMeterThread: Thread finished: staging admin Thread Group 1-95
2020-09-15 13:34:54,272 INFO o.a.j.t.JMeterThread: Thread finished: staging admin Thread Group 1-93
2020-09-15 13:34:54,272 INFO o.a.j.t.JMeterThread: Thread finished: staging admin Thread Group 1-94
2020-09-15 13:34:54,272 INFO o.a.j.t.JMeterThread: Thread finished: staging admin Thread Group 1-92
2020-09-15 13:34:54,272 INFO o.a.j.t.JMeterThread: Thread finished: staging admin Thread Group 1-100
2020-09-15 13:34:54,272 INFO o.a.j.t.JMeterThread: Thread finished: staging admin Thread Group 1-97
2020-09-15 13:34:54,342 INFO o.a.j.t.JMeterThread: Thread finished: staging admin Thread Group 1-5
2020-09-15 13:34:54,421 INFO o.a.j.t.JMeterThread: Thread finished: staging admin Thread Group 1-16
2020-09-15 13:34:54,607 INFO o.a.j.t.JMeterThread: Thread finished: staging admin Thread Group 1-8
2020-09-15 13:34:54,712 INFO o.a.j.t.JMeterThread: Thread finished: staging admin Thread Group 1-62
2020-09-15 13:34:54,712 INFO o.a.j.t.JMeterThread: Thread finished: staging admin Thread Group 1-36
2020-09-15 13:34:54,776 INFO o.a.j.t.JMeterThread: Thread finished: staging admin Thread Group 1-77
2020-09-15 13:34:54,874 INFO o.a.j.t.JMeterThread: Thread finished: staging admin Thread Group 1-25
2020-09-15 13:34:54,993 INFO o.a.j.t.JMeterThread: Thread finished: staging admin Thread Group 1-80
2020-09-15 13:34:55,221 INFO o.a.j.t.JMeterThread: Thread finished: staging admin Thread Group 1-15
2020-09-15 13:34:55,243 INFO o.a.j.t.JMeterThread: Thread finished: staging admin Thread Group 1-71
2020-09-15 13:34:55,429 INFO o.a.j.t.JMeterThread: Thread finished: staging admin Thread Group 1-59
2020-09-15 13:34:55,470 INFO o.a.j.t.JMeterThread: Thread finished: staging admin Thread Group 1-75
2020-09-15 13:34:55,487 INFO o.a.j.t.JMeterThread: Thread finished: staging admin Thread Group 1-27
2020-09-15 13:34:55,496 INFO o.a.j.t.JMeterThread: Thread finished: staging admin Thread Group 1-72
2020-09-15 13:34:55,682 INFO o.a.j.t.JMeterThread: Thread finished: staging admin Thread Group 1-76
2020-09-15 13:34:55,710 INFO o.a.j.t.JMeterThread: Thread finished: staging admin Thread Group 1-53
2020-09-15 13:34:55,965 INFO o.a.j.t.JMeterThread: Thread finished: staging admin Thread Group 1-24
2020-09-15 13:34:56,254 INFO o.a.j.t.JMeterThread: Thread finished: staging admin Thread Group 1-82
2020-09-15 13:34:56,670 INFO o.a.j.t.JMeterThread: Thread finished: staging admin Thread Group 1-54
2020-09-15 13:34:56,696 INFO o.a.j.t.JMeterThread: Thread finished: staging admin Thread Group 1-29
2020-09-15 13:34:56,773 INFO o.a.j.t.JMeterThread: Thread finished: staging admin Thread Group 1-58
2020-09-15 13:34:57,000 INFO o.a.j.t.JMeterThread: Thread finished: staging admin Thread Group 1-34
2020-09-15 13:34:57,176 INFO o.a.j.t.JMeterThread: Thread finished: staging admin Thread Group 1-41
2020-09-15 13:34:57,267 INFO o.a.j.t.JMeterThread: Thread finished: staging admin Thread Group 1-9
2020-09-15 13:34:57,288 INFO o.a.j.t.JMeterThread: Thread finished: staging admin Thread Group 1-26
2020-09-15 13:34:57,377 INFO o.a.j.t.JMeterThread: Thread finished: staging admin Thread Group 1-45
2020-09-15 13:34:57,695 INFO o.a.j.t.JMeterThread: Thread finished: staging admin Thread Group 1-64
2020-09-15 13:34:57,704 INFO o.a.j.t.JMeterThread: Thread finished: staging admin Thread Group 1-84
2020-09-15 13:34:57,771 INFO o.a.j.t.JMeterThread: Thread finished: staging admin Thread Group 1-83
2020-09-15 13:34:57,876 INFO o.a.j.t.JMeterThread: Thread finished: staging admin Thread Group 1-69
2020-09-15 13:34:57,988 INFO o.a.j.t.JMeterThread: Thread finished: staging admin Thread Group 1-46
2020-09-15 13:34:58,039 INFO o.a.j.t.JMeterThread: Thread finished: staging admin Thread Group 1-56
2020-09-15 13:34:58,083 INFO o.a.j.t.JMeterThread: Thread finished: staging admin Thread Group 1-2
2020-09-15 13:34:58,100 INFO o.a.j.t.JMeterThread: Thread finished: staging admin Thread Group 1-70
2020-09-15 13:34:58,144 INFO o.a.j.t.JMeterThread: Thread finished: staging admin Thread Group 1-17
2020-09-15 13:34:58,247 INFO o.a.j.t.JMeterThread: Thread finished: staging admin Thread Group 1-35
2020-09-15 13:34:58,407 INFO o.a.j.t.JMeterThread: Thread finished: staging admin Thread Group 1-30
2020-09-15 13:34:58,413 INFO o.a.j.t.JMeterThread: Thread finished: staging admin Thread Group 1-11
2020-09-15 13:34:58,737 INFO o.a.j.JMeter: Command: StopTestNow received from /127.0.0.1
2020-09-15 13:34:58,738 INFO o.a.j.t.JMeterThread: Stopping: staging admin Thread Group 1-74
2020-09-15 13:34:58,738 WARN o.a.j.t.JMeterThread: Interrupting: staging admin Thread Group 1-74 sampler: Post admin login
2020-09-15 13:34:58,740 INFO o.a.j.t.JMeterThread: Stopping: staging admin Thread Group 1-67
2020-09-15 13:34:58,741 WARN o.a.j.t.JMeterThread: Interrupting: staging admin Thread Group 1-67 sampler: Get Products page
2020-09-15 13:34:58,742 INFO o.a.j.t.JMeterThread: Stopping: staging admin Thread Group 1-51
2020-09-15 13:34:58,742 WARN o.a.j.t.JMeterThread: Interrupting: staging admin Thread Group 1-51 sampler: Get Products page
2020-09-15 13:34:58,742 INFO o.a.j.t.JMeterThread: Stopping: staging admin Thread Group 1-10
2020-09-15 13:34:58,742 WARN o.a.j.t.JMeterThread: Interrupting: staging admin Thread Group 1-10 sampler: Get pipeline 29
2020-09-15 13:34:58,744 INFO o.a.j.t.JMeterThread: Stopping: staging admin Thread Group 1-3
2020-09-15 13:34:58,745 WARN o.a.j.t.JMeterThread: Interrupting: staging admin Thread Group 1-3 sampler: Get Product 8 post 33 edit
2020-09-15 13:34:58,745 INFO o.a.j.t.JMeterThread: Stopping: staging admin Thread Group 1-6
2020-09-15 13:34:58,745 WARN o.a.j.t.JMeterThread: Interrupting: staging admin Thread Group 1-6 sampler: Get Products page
2020-09-15 13:34:58,745 INFO o.a.j.t.JMeterThread: Stopping: staging admin Thread Group 1-12
2020-09-15 13:34:58,746 WARN o.a.j.t.JMeterThread: Interrupting: staging admin Thread Group 1-12 sampler: Get Product 8 post 33 edit
2020-09-15 13:34:58,746 INFO o.a.j.t.JMeterThread: Stopping: staging admin Thread Group 1-21
2020-09-15 13:34:58,746 WARN o.a.j.t.JMeterThread: Interrupting: staging admin Thread Group 1-21 sampler: Get Product 8
2020-09-15 13:34:58,746 INFO o.a.j.t.JMeterThread: Stopping: staging admin Thread Group 1-66
2020-09-15 13:34:58,746 WARN o.a.j.t.JMeterThread: Interrupting: staging admin Thread Group 1-66 sampler: Get Products page
2020-09-15 13:34:58,747 INFO o.a.j.t.JMeterThread: Stopping: staging admin Thread Group 1-18
2020-09-15 13:34:58,747 WARN o.a.j.t.JMeterThread: Interrupting: staging admin Thread Group 1-18 sampler: Get Product 2
2020-09-15 13:34:58,747 INFO o.a.j.t.JMeterThread: Stopping: staging admin Thread Group 1-68
2020-09-15 13:34:58,747 WARN o.a.j.t.JMeterThread: Interrupting: staging admin Thread Group 1-68 sampler: Get Products page
2020-09-15 13:34:58,747 INFO o.a.j.t.JMeterThread: Stopping: staging admin Thread Group 1-40
2020-09-15 13:34:58,747 WARN o.a.j.t.JMeterThread: Interrupting: staging admin Thread Group 1-40 sampler: Get Product 8
2020-09-15 13:34:58,748 INFO o.a.j.t.JMeterThread: Stopping: staging admin Thread Group 1-38
2020-09-15 13:34:58,748 WARN o.a.j.t.JMeterThread: Interrupting: staging admin Thread Group 1-38 sampler: Get Product 8 catagory 25 edit
2020-09-15 13:34:58,748 INFO o.a.j.t.JMeterThread: Stopping: staging admin Thread Group 1-44
2020-09-15 13:34:58,748 WARN o.a.j.t.JMeterThread: Interrupting: staging admin Thread Group 1-44 sampler: Get Product 8
2020-09-15 13:34:58,748 INFO o.a.j.t.JMeterThread: Stopping: staging admin Thread Group 1-39
2020-09-15 13:34:58,748 WARN o.a.j.t.JMeterThread: Interrupting: staging admin Thread Group 1-39 sampler: Get Product 8 catagory 25 edit
2020-09-15 13:34:58,750 INFO o.a.j.t.JMeterThread: Stopping: staging admin Thread Group 1-65
2020-09-15 13:34:58,750 WARN o.a.j.t.JMeterThread: Interrupting: staging admin Thread Group 1-65 sampler: Get Products page
2020-09-15 13:34:58,750 INFO o.a.j.t.JMeterThread: Stopping: staging admin Thread Group 1-13
2020-09-15 13:34:58,751 WARN o.a.j.t.JMeterThread: Interrupting: staging admin Thread Group 1-13 sampler: Get pipelines 
2020-09-15 13:34:58,751 INFO o.a.j.t.JMeterThread: Shutdown Test detected by thread: staging admin Thread Group 1-74
2020-09-15 13:34:58,751 INFO o.a.j.t.JMeterThread: Thread finished: staging admin Thread Group 1-74
2020-09-15 13:34:58,751 INFO o.a.j.t.JMeterThread: Stopping: staging admin Thread Group 1-57
2020-09-15 13:34:58,752 WARN o.a.j.t.JMeterThread: Interrupting: staging admin Thread Group 1-57 sampler: Get Products page
2020-09-15 13:34:58,752 INFO o.a.j.t.JMeterThread: Stopping: staging admin Thread Group 1-42
2020-09-15 13:34:58,752 WARN o.a.j.t.JMeterThread: Interrupting: staging admin Thread Group 1-42 sampler: Get Product 8 catagory 25 edit
2020-09-15 13:34:58,752 INFO o.a.j.t.JMeterThread: Stopping: staging admin Thread Group 1-32
2020-09-15 13:34:58,753 WARN o.a.j.t.JMeterThread: Interrupting: staging admin Thread Group 1-32 sampler: Get Product 8 catagory 25 edit
2020-09-15 13:34:58,753 INFO o.a.j.t.JMeterThread: Stopping: staging admin Thread Group 1-31
2020-09-15 13:34:58,753 WARN o.a.j.t.JMeterThread: Interrupting: staging admin Thread Group 1-31 sampler: Get Product 8
2020-09-15 13:34:58,754 INFO o.a.j.t.JMeterThread: Shutdown Test detected by thread: staging admin Thread Group 1-39
2020-09-15 13:34:58,754 INFO o.a.j.t.JMeterThread: Thread finished: staging admin Thread Group 1-39
2020-09-15 13:34:58,754 INFO o.a.j.t.JMeterThread: Stopping: staging admin Thread Group 1-50
2020-09-15 13:34:58,754 WARN o.a.j.t.JMeterThread: Interrupting: staging admin Thread Group 1-50 sampler: Get Product 8
2020-09-15 13:34:58,755 INFO o.a.j.t.JMeterThread: Stopping: staging admin Thread Group 1-43
2020-09-15 13:34:58,755 WARN o.a.j.t.JMeterThread: Interrupting: staging admin Thread Group 1-43 sampler: Get Product 8 catagory 25 edit
2020-09-15 13:34:58,755 INFO o.a.j.t.JMeterThread: Stopping: staging admin Thread Group 1-37
2020-09-15 13:34:58,756 WARN o.a.j.t.JMeterThread: Interrupting: staging admin Thread Group 1-37 sampler: Get Product 8 catagory 25 edit
2020-09-15 13:34:58,757 INFO o.a.j.t.JMeterThread: Stopping: staging admin Thread Group 1-63
2020-09-15 13:34:58,757 WARN o.a.j.t.JMeterThread: Interrupting: staging admin Thread Group 1-63 sampler: Get admin login page
2020-09-15 13:34:58,757 INFO o.a.j.t.JMeterThread: Stopping: staging admin Thread Group 1-52
2020-09-15 13:34:58,757 WARN o.a.j.t.JMeterThread: Interrupting: staging admin Thread Group 1-52 sampler: Get Products page
2020-09-15 13:34:58,757 INFO o.a.j.t.JMeterThread: Shutdown Test detected by thread: staging admin Thread Group 1-38
2020-09-15 13:34:58,757 INFO o.a.j.t.JMeterThread: Thread finished: staging admin Thread Group 1-38
2020-09-15 13:34:58,757 INFO o.a.j.t.JMeterThread: Stopping: staging admin Thread Group 1-28
2020-09-15 13:34:58,757 WARN o.a.j.t.JMeterThread: Interrupting: staging admin Thread Group 1-28 sampler: Get Product 8
2020-09-15 13:34:58,758 INFO o.a.j.t.JMeterThread: Stopping: staging admin Thread Group 1-7
2020-09-15 13:34:58,758 WARN o.a.j.t.JMeterThread: Interrupting: staging admin Thread Group 1-7 sampler: Get pipelines 
2020-09-15 13:34:58,758 INFO o.a.j.t.JMeterThread: Stopping: staging admin Thread Group 1-1
2020-09-15 13:34:58,758 WARN o.a.j.t.JMeterThread: Interrupting: staging admin Thread Group 1-1 sampler: Get Product 8 catagory 25 edit
2020-09-15 13:34:58,758 INFO o.a.j.t.JMeterThread: Stopping: staging admin Thread Group 1-4
2020-09-15 13:34:58,758 INFO o.a.j.t.JMeterThread: Shutdown Test detected by thread: staging admin Thread Group 1-44
2020-09-15 13:34:58,758 WARN o.a.j.t.JMeterThread: Interrupting: staging admin Thread Group 1-4 sampler: Get Product 2
2020-09-15 13:34:58,758 INFO o.a.j.t.JMeterThread: Thread finished: staging admin Thread Group 1-44
2020-09-15 13:34:58,759 INFO o.a.j.t.JMeterThread: Stopping: staging admin Thread Group 1-20
2020-09-15 13:34:58,759 WARN o.a.j.t.JMeterThread: Interrupting: staging admin Thread Group 1-20 sampler: Get Product 2
2020-09-15 13:34:58,760 INFO o.a.j.t.JMeterThread: Stopping: staging admin Thread Group 1-81
2020-09-15 13:34:58,760 WARN o.a.j.t.JMeterThread: Interrupting: staging admin Thread Group 1-81 sampler: Get admin login page
2020-09-15 13:34:58,760 INFO o.a.j.t.JMeterThread: Stopping: staging admin Thread Group 1-22
2020-09-15 13:34:58,760 WARN o.a.j.t.JMeterThread: Interrupting: staging admin Thread Group 1-22 sampler: Get Product 8 catagory 25 edit
2020-09-15 13:34:58,760 INFO o.a.j.t.JMeterThread: Stopping: staging admin Thread Group 1-48
2020-09-15 13:34:58,760 WARN o.a.j.t.JMeterThread: Interrupting: staging admin Thread Group 1-48 sampler: Get Product 8
2020-09-15 13:34:58,761 INFO o.a.j.t.JMeterThread: Shutdown Test detected by thread: staging admin Thread Group 1-40
2020-09-15 13:34:58,761 INFO o.a.j.t.JMeterThread: Stopping: staging admin Thread Group 1-23
2020-09-15 13:34:58,761 INFO o.a.j.t.JMeterThread: Thread finished: staging admin Thread Group 1-40
2020-09-15 13:34:58,761 WARN o.a.j.t.JMeterThread: Interrupting: staging admin Thread Group 1-23 sampler: Get Product 8 catagory 25 edit
2020-09-15 13:34:58,761 INFO o.a.j.t.JMeterThread: Stopping: staging admin Thread Group 1-60
2020-09-15 13:34:58,761 WARN o.a.j.t.JMeterThread: Interrupting: staging admin Thread Group 1-60 sampler: Get Products page
2020-09-15 13:34:58,761 INFO o.a.j.t.JMeterThread: Stopping: staging admin Thread Group 1-61
2020-09-15 13:34:58,761 WARN o.a.j.t.JMeterThread: Interrupting: staging admin Thread Group 1-61 sampler: Get Products page
2020-09-15 13:34:58,761 INFO o.a.j.t.JMeterThread: Stopping: staging admin Thread Group 1-79
2020-09-15 13:34:58,761 WARN o.a.j.t.JMeterThread: Interrupting: staging admin Thread Group 1-79 sampler: Get admin login page
2020-09-15 13:34:58,762 INFO o.a.j.t.JMeterThread: Shutdown Test detected by thread: staging admin Thread Group 1-68
2020-09-15 13:34:58,762 INFO o.a.j.t.JMeterThread: Stopping: staging admin Thread Group 1-85
2020-09-15 13:34:58,762 INFO o.a.j.t.JMeterThread: Thread finished: staging admin Thread Group 1-68
2020-09-15 13:34:58,762 WARN o.a.j.t.JMeterThread: Interrupting: staging admin Thread Group 1-85 sampler: Get admin login page
2020-09-15 13:34:58,762 INFO o.a.j.t.JMeterThread: Stopping: staging admin Thread Group 1-73
2020-09-15 13:34:58,762 WARN o.a.j.t.JMeterThread: Interrupting: staging admin Thread Group 1-73 sampler: Get admin login page
2020-09-15 13:34:58,762 INFO o.a.j.t.JMeterThread: Stopping: staging admin Thread Group 1-49
2020-09-15 13:34:58,763 WARN o.a.j.t.JMeterThread: Interrupting: staging admin Thread Group 1-49 sampler: Get Product 8
2020-09-15 13:34:58,764 INFO o.a.j.t.JMeterThread: Shutdown Test detected by thread: staging admin Thread Group 1-18
2020-09-15 13:34:58,764 INFO o.a.j.t.JMeterThread: Thread finished: staging admin Thread Group 1-18
2020-09-15 13:34:58,764 INFO o.a.j.t.JMeterThread: Shutdown Test detected by thread: staging admin Thread Group 1-66
2020-09-15 13:34:58,764 INFO o.a.j.t.JMeterThread: Thread finished: staging admin Thread Group 1-66
2020-09-15 13:34:58,765 INFO o.a.j.t.JMeterThread: Shutdown Test detected by thread: staging admin Thread Group 1-21
2020-09-15 13:34:58,765 INFO o.a.j.t.JMeterThread: Thread finished: staging admin Thread Group 1-21
2020-09-15 13:34:58,766 INFO o.a.j.t.JMeterThread: Shutdown Test detected by thread: staging admin Thread Group 1-12
2020-09-15 13:34:58,766 INFO o.a.j.t.JMeterThread: Thread finished: staging admin Thread Group 1-12
2020-09-15 13:34:58,766 INFO o.a.j.t.JMeterThread: Shutdown Test detected by thread: staging admin Thread Group 1-6
2020-09-15 13:34:58,766 INFO o.a.j.t.JMeterThread: Thread finished: staging admin Thread Group 1-6
2020-09-15 13:34:58,767 INFO o.a.j.t.JMeterThread: Shutdown Test detected by thread: staging admin Thread Group 1-3
2020-09-15 13:34:58,767 INFO o.a.j.t.JMeterThread: Thread finished: staging admin Thread Group 1-3
2020-09-15 13:34:58,768 INFO o.a.j.t.JMeterThread: Shutdown Test detected by thread: staging admin Thread Group 1-10
2020-09-15 13:34:58,768 INFO o.a.j.t.JMeterThread: Thread finished: staging admin Thread Group 1-10
2020-09-15 13:34:58,768 INFO o.a.j.t.JMeterThread: Shutdown Test detected by thread: staging admin Thread Group 1-51
2020-09-15 13:34:58,769 INFO o.a.j.t.JMeterThread: Thread finished: staging admin Thread Group 1-51
2020-09-15 13:34:58,769 INFO o.a.j.t.JMeterThread: Shutdown Test detected by thread: staging admin Thread Group 1-67
2020-09-15 13:34:58,769 INFO o.a.j.t.JMeterThread: Thread finished: staging admin Thread Group 1-67
2020-09-15 13:34:58,770 INFO o.a.j.t.JMeterThread: Shutdown Test detected by thread: staging admin Thread Group 1-49
2020-09-15 13:34:58,770 INFO o.a.j.t.JMeterThread: Thread finished: staging admin Thread Group 1-49
2020-09-15 13:34:58,771 INFO o.a.j.t.JMeterThread: Shutdown Test detected by thread: staging admin Thread Group 1-73
2020-09-15 13:34:58,771 INFO o.a.j.t.JMeterThread: Thread finished: staging admin Thread Group 1-73
2020-09-15 13:34:58,771 INFO o.a.j.t.JMeterThread: Shutdown Test detected by thread: staging admin Thread Group 1-85
2020-09-15 13:34:58,771 INFO o.a.j.t.JMeterThread: Thread finished: staging admin Thread Group 1-85
2020-09-15 13:34:58,772 INFO o.a.j.t.JMeterThread: Shutdown Test detected by thread: staging admin Thread Group 1-79
2020-09-15 13:34:58,772 INFO o.a.j.t.JMeterThread: Thread finished: staging admin Thread Group 1-79
2020-09-15 13:34:58,772 INFO o.a.j.t.JMeterThread: Shutdown Test detected by thread: staging admin Thread Group 1-61
2020-09-15 13:34:58,773 INFO o.a.j.t.JMeterThread: Thread finished: staging admin Thread Group 1-61
2020-09-15 13:34:58,773 INFO o.a.j.t.JMeterThread: Shutdown Test detected by thread: staging admin Thread Group 1-60
2020-09-15 13:34:58,773 INFO o.a.j.t.JMeterThread: Thread finished: staging admin Thread Group 1-60
2020-09-15 13:34:58,774 INFO o.a.j.t.JMeterThread: Shutdown Test detected by thread: staging admin Thread Group 1-23
2020-09-15 13:34:58,775 INFO o.a.j.t.JMeterThread: Thread finished: staging admin Thread Group 1-23
2020-09-15 13:34:58,775 INFO o.a.j.t.JMeterThread: Shutdown Test detected by thread: staging admin Thread Group 1-48
2020-09-15 13:34:58,775 INFO o.a.j.t.JMeterThread: Thread finished: staging admin Thread Group 1-48
2020-09-15 13:34:58,776 INFO o.a.j.t.JMeterThread: Shutdown Test detected by thread: staging admin Thread Group 1-22
2020-09-15 13:34:58,776 INFO o.a.j.t.JMeterThread: Thread finished: staging admin Thread Group 1-22
2020-09-15 13:34:58,777 INFO o.a.j.t.JMeterThread: Shutdown Test detected by thread: staging admin Thread Group 1-81
2020-09-15 13:34:58,777 INFO o.a.j.t.JMeterThread: Thread finished: staging admin Thread Group 1-81
2020-09-15 13:34:58,777 INFO o.a.j.t.JMeterThread: Shutdown Test detected by thread: staging admin Thread Group 1-20
2020-09-15 13:34:58,777 INFO o.a.j.t.JMeterThread: Thread finished: staging admin Thread Group 1-20
2020-09-15 13:34:58,778 INFO o.a.j.t.JMeterThread: Shutdown Test detected by thread: staging admin Thread Group 1-4
2020-09-15 13:34:58,778 INFO o.a.j.t.JMeterThread: Thread finished: staging admin Thread Group 1-4
2020-09-15 13:34:58,779 INFO o.a.j.t.JMeterThread: Shutdown Test detected by thread: staging admin Thread Group 1-1
2020-09-15 13:34:58,779 INFO o.a.j.t.JMeterThread: Thread finished: staging admin Thread Group 1-1
2020-09-15 13:34:58,780 INFO o.a.j.t.JMeterThread: Shutdown Test detected by thread: staging admin Thread Group 1-7
2020-09-15 13:34:58,780 INFO o.a.j.t.JMeterThread: Thread finished: staging admin Thread Group 1-7
2020-09-15 13:34:58,781 INFO o.a.j.t.JMeterThread: Shutdown Test detected by thread: staging admin Thread Group 1-52
2020-09-15 13:34:58,781 INFO o.a.j.t.JMeterThread: Thread finished: staging admin Thread Group 1-52
2020-09-15 13:34:58,781 INFO o.a.j.t.JMeterThread: Shutdown Test detected by thread: staging admin Thread Group 1-28
2020-09-15 13:34:58,781 INFO o.a.j.t.JMeterThread: Thread finished: staging admin Thread Group 1-28
2020-09-15 13:34:58,781 INFO o.a.j.t.JMeterThread: Shutdown Test detected by thread: staging admin Thread Group 1-63
2020-09-15 13:34:58,782 INFO o.a.j.t.JMeterThread: Thread finished: staging admin Thread Group 1-63
2020-09-15 13:34:58,782 INFO o.a.j.t.JMeterThread: Shutdown Test detected by thread: staging admin Thread Group 1-37
2020-09-15 13:34:58,782 INFO o.a.j.t.JMeterThread: Thread finished: staging admin Thread Group 1-37
2020-09-15 13:34:58,784 INFO o.a.j.t.JMeterThread: Shutdown Test detected by thread: staging admin Thread Group 1-43
2020-09-15 13:34:58,784 INFO o.a.j.t.JMeterThread: Thread finished: staging admin Thread Group 1-43
2020-09-15 13:34:58,784 INFO o.a.j.t.JMeterThread: Shutdown Test detected by thread: staging admin Thread Group 1-50
2020-09-15 13:34:58,785 INFO o.a.j.t.JMeterThread: Thread finished: staging admin Thread Group 1-50
2020-09-15 13:34:58,785 INFO o.a.j.t.JMeterThread: Shutdown Test detected by thread: staging admin Thread Group 1-31
2020-09-15 13:34:58,785 INFO o.a.j.t.JMeterThread: Thread finished: staging admin Thread Group 1-31
2020-09-15 13:34:58,786 INFO o.a.j.t.JMeterThread: Shutdown Test detected by thread: staging admin Thread Group 1-32
2020-09-15 13:34:58,786 INFO o.a.j.t.JMeterThread: Thread finished: staging admin Thread Group 1-32
2020-09-15 13:34:58,787 INFO o.a.j.t.JMeterThread: Shutdown Test detected by thread: staging admin Thread Group 1-42
2020-09-15 13:34:58,787 INFO o.a.j.t.JMeterThread: Thread finished: staging admin Thread Group 1-42
2020-09-15 13:34:58,787 INFO o.a.j.t.JMeterThread: Shutdown Test detected by thread: staging admin Thread Group 1-57
2020-09-15 13:34:58,787 INFO o.a.j.t.JMeterThread: Thread finished: staging admin Thread Group 1-57
2020-09-15 13:34:58,788 INFO o.a.j.t.JMeterThread: Shutdown Test detected by thread: staging admin Thread Group 1-13
2020-09-15 13:34:58,788 INFO o.a.j.t.JMeterThread: Thread finished: staging admin Thread Group 1-13
2020-09-15 13:34:58,788 INFO o.a.j.t.JMeterThread: Shutdown Test detected by thread: staging admin Thread Group 1-65
2020-09-15 13:34:58,788 INFO o.a.j.t.JMeterThread: Thread finished: staging admin Thread Group 1-65
2020-09-15 13:34:58,789 INFO o.a.j.e.StandardJMeterEngine: Notifying test listeners of end of test
2020-09-15 13:34:58,790 INFO o.a.j.e.StandardJMeterEngine: Forced JVM shutdown requested at end of test
